
2025-05-20 15:05:01
[ERROR]-[Thread: main]-[com.alibaba.druid.pool.DruidDataSource.init()]: init datasource error, url: jdbc:log4jdbc:mysql://127.0.0.1:3307/erp_mysql?useSSL=false&characterEncoding=utf8&zeroDateTimeBehavior=convertToNull
com.mysql.jdbc.exceptions.jdbc4.MySQLNonTransientConnectionException: Public Key Retrieval is not allowed
	at java.base/jdk.internal.reflect.NativeConstructorAccessorImpl.newInstance0(Native Method)
	at java.base/jdk.internal.reflect.NativeConstructorAccessorImpl.newInstance(NativeConstructorAccessorImpl.java:77)
	at java.base/jdk.internal.reflect.DelegatingConstructorAccessorImpl.newInstance(DelegatingConstructorAccessorImpl.java:45)
	at java.base/java.lang.reflect.Constructor.newInstanceWithCaller(Constructor.java:499)
	at java.base/java.lang.reflect.Constructor.newInstance(Constructor.java:480)
	at com.mysql.jdbc.Util.handleNewInstance(Util.java:403)
	at com.mysql.jdbc.Util.getInstance(Util.java:386)
	at com.mysql.jdbc.SQLError.createSQLException(SQLError.java:919)
	at com.mysql.jdbc.SQLError.createSQLException(SQLError.java:898)
	at com.mysql.jdbc.SQLError.createSQLException(SQLError.java:887)
	at com.mysql.jdbc.SQLError.createSQLException(SQLError.java:861)
	at com.mysql.jdbc.SQLError.createSQLException(SQLError.java:878)
	at com.mysql.jdbc.SQLError.createSQLException(SQLError.java:874)
	at com.mysql.jdbc.MysqlIO.proceedHandshakeWithPluggableAuthentication(MysqlIO.java:1770)
	at com.mysql.jdbc.MysqlIO.doHandshake(MysqlIO.java:1217)
	at com.mysql.jdbc.ConnectionImpl.coreConnect(ConnectionImpl.java:2189)
	at com.mysql.jdbc.ConnectionImpl.connectOneTryOnly(ConnectionImpl.java:2220)
	at com.mysql.jdbc.ConnectionImpl.createNewIO(ConnectionImpl.java:2015)
	at com.mysql.jdbc.ConnectionImpl.<init>(ConnectionImpl.java:768)
	at com.mysql.jdbc.JDBC4Connection.<init>(JDBC4Connection.java:47)
	at java.base/jdk.internal.reflect.NativeConstructorAccessorImpl.newInstance0(Native Method)
	at java.base/jdk.internal.reflect.NativeConstructorAccessorImpl.newInstance(NativeConstructorAccessorImpl.java:77)
	at java.base/jdk.internal.reflect.DelegatingConstructorAccessorImpl.newInstance(DelegatingConstructorAccessorImpl.java:45)
	at java.base/java.lang.reflect.Constructor.newInstanceWithCaller(Constructor.java:499)
	at java.base/java.lang.reflect.Constructor.newInstance(Constructor.java:480)
	at com.mysql.jdbc.Util.handleNewInstance(Util.java:403)
	at com.mysql.jdbc.ConnectionImpl.getInstance(ConnectionImpl.java:385)
	at com.mysql.jdbc.NonRegisteringDriver.connect(NonRegisteringDriver.java:323)
	at net.sf.log4jdbc.DriverSpy.connect(DriverSpy.java:728)
	at com.alibaba.druid.filter.FilterChainImpl.connection_connect(FilterChainImpl.java:148)
	at com.alibaba.druid.filter.FilterAdapter.connection_connect(FilterAdapter.java:785)
	at com.alibaba.druid.filter.FilterChainImpl.connection_connect(FilterChainImpl.java:142)
	at com.alibaba.druid.filter.FilterAdapter.connection_connect(FilterAdapter.java:785)
	at com.alibaba.druid.filter.FilterEventAdapter.connection_connect(FilterEventAdapter.java:38)
	at com.alibaba.druid.filter.FilterChainImpl.connection_connect(FilterChainImpl.java:142)
	at com.alibaba.druid.filter.stat.StatFilter.connection_connect(StatFilter.java:220)
	at com.alibaba.druid.filter.FilterChainImpl.connection_connect(FilterChainImpl.java:142)
	at com.alibaba.druid.pool.DruidAbstractDataSource.createPhysicalConnection(DruidAbstractDataSource.java:1463)
	at com.alibaba.druid.pool.DruidAbstractDataSource.createPhysicalConnection(DruidAbstractDataSource.java:1525)
	at com.alibaba.druid.pool.DruidDataSource.init(DruidDataSource.java:734)
	at com.alibaba.druid.pool.DruidDataSource.getConnection(DruidDataSource.java:1060)
	at com.alibaba.druid.pool.DruidDataSource.getConnection(DruidDataSource.java:1056)
	at com.alibaba.druid.pool.DruidDataSource.getConnection(DruidDataSource.java:104)
	at com.jfinal.plugin.activerecord.TableBuilder.build(TableBuilder.java:51)
	at com.jfinal.plugin.activerecord.ActiveRecordPlugin.start(ActiveRecordPlugin.java:228)
	at com.jfinal.core.Config.startPlugins(Config.java:128)
	at com.jfinal.core.Config.configPluginWithOrder(Config.java:71)
	at com.jfinal.core.Config.configJFinal(Config.java:59)
	at com.jfinal.core.JFinal.init(JFinal.java:61)
	at com.jfinal.core.JFinalFilter.init(JFinalFilter.java:64)
	at io.undertow.servlet.core.LifecyleInterceptorInvocation.proceed(LifecyleInterceptorInvocation.java:111)
	at io.undertow.servlet.core.ManagedFilter.createFilter(ManagedFilter.java:80)
	at io.undertow.servlet.core.DeploymentManagerImpl$2.call(DeploymentManagerImpl.java:594)
	at io.undertow.servlet.core.DeploymentManagerImpl$2.call(DeploymentManagerImpl.java:559)
	at io.undertow.servlet.core.ServletRequestContextThreadSetupAction$1.call(ServletRequestContextThreadSetupAction.java:42)
	at io.undertow.servlet.core.ContextClassLoaderSetupAction$1.call(ContextClassLoaderSetupAction.java:43)
	at io.undertow.servlet.core.DeploymentManagerImpl.start(DeploymentManagerImpl.java:601)
	at com.jfinal.server.undertow.UndertowServer.configHttp(UndertowServer.java:287)
	at com.jfinal.server.undertow.UndertowServer.doStart(UndertowServer.java:265)
	at com.jfinal.server.undertow.UndertowServer.start(UndertowServer.java:158)
	at com.jfinal.server.undertow.UndertowServer.start(UndertowServer.java:83)
	at com.xlerp.common.DemoConfig.main(DemoConfig.java:26)
Caused by: com.mysql.jdbc.exceptions.jdbc4.MySQLNonTransientConnectionException: Public Key Retrieval is not allowed
	at java.base/jdk.internal.reflect.NativeConstructorAccessorImpl.newInstance0(Native Method)
	at java.base/jdk.internal.reflect.NativeConstructorAccessorImpl.newInstance(NativeConstructorAccessorImpl.java:77)
	at java.base/jdk.internal.reflect.DelegatingConstructorAccessorImpl.newInstance(DelegatingConstructorAccessorImpl.java:45)
	at java.base/java.lang.reflect.Constructor.newInstanceWithCaller(Constructor.java:499)
	at java.base/java.lang.reflect.Constructor.newInstance(Constructor.java:480)
	at com.mysql.jdbc.Util.handleNewInstance(Util.java:403)
	at com.mysql.jdbc.Util.getInstance(Util.java:386)
	at com.mysql.jdbc.SQLError.createSQLException(SQLError.java:919)
	at com.mysql.jdbc.SQLError.createSQLException(SQLError.java:898)
	at com.mysql.jdbc.SQLError.createSQLException(SQLError.java:887)
	at com.mysql.jdbc.SQLError.createSQLException(SQLError.java:861)
	at com.mysql.jdbc.authentication.CachingSha2PasswordPlugin.nextAuthenticationStep(CachingSha2PasswordPlugin.java:130)
	at com.mysql.jdbc.MysqlIO.proceedHandshakeWithPluggableAuthentication(MysqlIO.java:1768)
	... 48 more

2025-05-20 15:05:01
[ERROR]-[Thread: main]-[com.alibaba.druid.pool.DruidDataSource.init()]: {dataSource-1} init error
com.mysql.jdbc.exceptions.jdbc4.MySQLNonTransientConnectionException: Public Key Retrieval is not allowed
	at java.base/jdk.internal.reflect.NativeConstructorAccessorImpl.newInstance0(Native Method)
	at java.base/jdk.internal.reflect.NativeConstructorAccessorImpl.newInstance(NativeConstructorAccessorImpl.java:77)
	at java.base/jdk.internal.reflect.DelegatingConstructorAccessorImpl.newInstance(DelegatingConstructorAccessorImpl.java:45)
	at java.base/java.lang.reflect.Constructor.newInstanceWithCaller(Constructor.java:499)
	at java.base/java.lang.reflect.Constructor.newInstance(Constructor.java:480)
	at com.mysql.jdbc.Util.handleNewInstance(Util.java:403)
	at com.mysql.jdbc.Util.getInstance(Util.java:386)
	at com.mysql.jdbc.SQLError.createSQLException(SQLError.java:919)
	at com.mysql.jdbc.SQLError.createSQLException(SQLError.java:898)
	at com.mysql.jdbc.SQLError.createSQLException(SQLError.java:887)
	at com.mysql.jdbc.SQLError.createSQLException(SQLError.java:861)
	at com.mysql.jdbc.SQLError.createSQLException(SQLError.java:878)
	at com.mysql.jdbc.SQLError.createSQLException(SQLError.java:874)
	at com.mysql.jdbc.MysqlIO.proceedHandshakeWithPluggableAuthentication(MysqlIO.java:1770)
	at com.mysql.jdbc.MysqlIO.doHandshake(MysqlIO.java:1217)
	at com.mysql.jdbc.ConnectionImpl.coreConnect(ConnectionImpl.java:2189)
	at com.mysql.jdbc.ConnectionImpl.connectOneTryOnly(ConnectionImpl.java:2220)
	at com.mysql.jdbc.ConnectionImpl.createNewIO(ConnectionImpl.java:2015)
	at com.mysql.jdbc.ConnectionImpl.<init>(ConnectionImpl.java:768)
	at com.mysql.jdbc.JDBC4Connection.<init>(JDBC4Connection.java:47)
	at java.base/jdk.internal.reflect.NativeConstructorAccessorImpl.newInstance0(Native Method)
	at java.base/jdk.internal.reflect.NativeConstructorAccessorImpl.newInstance(NativeConstructorAccessorImpl.java:77)
	at java.base/jdk.internal.reflect.DelegatingConstructorAccessorImpl.newInstance(DelegatingConstructorAccessorImpl.java:45)
	at java.base/java.lang.reflect.Constructor.newInstanceWithCaller(Constructor.java:499)
	at java.base/java.lang.reflect.Constructor.newInstance(Constructor.java:480)
	at com.mysql.jdbc.Util.handleNewInstance(Util.java:403)
	at com.mysql.jdbc.ConnectionImpl.getInstance(ConnectionImpl.java:385)
	at com.mysql.jdbc.NonRegisteringDriver.connect(NonRegisteringDriver.java:323)
	at net.sf.log4jdbc.DriverSpy.connect(DriverSpy.java:728)
	at com.alibaba.druid.filter.FilterChainImpl.connection_connect(FilterChainImpl.java:148)
	at com.alibaba.druid.filter.FilterAdapter.connection_connect(FilterAdapter.java:785)
	at com.alibaba.druid.filter.FilterChainImpl.connection_connect(FilterChainImpl.java:142)
	at com.alibaba.druid.filter.FilterAdapter.connection_connect(FilterAdapter.java:785)
	at com.alibaba.druid.filter.FilterEventAdapter.connection_connect(FilterEventAdapter.java:38)
	at com.alibaba.druid.filter.FilterChainImpl.connection_connect(FilterChainImpl.java:142)
	at com.alibaba.druid.filter.stat.StatFilter.connection_connect(StatFilter.java:220)
	at com.alibaba.druid.filter.FilterChainImpl.connection_connect(FilterChainImpl.java:142)
	at com.alibaba.druid.pool.DruidAbstractDataSource.createPhysicalConnection(DruidAbstractDataSource.java:1463)
	at com.alibaba.druid.pool.DruidAbstractDataSource.createPhysicalConnection(DruidAbstractDataSource.java:1525)
	at com.alibaba.druid.pool.DruidDataSource.init(DruidDataSource.java:734)
	at com.alibaba.druid.pool.DruidDataSource.getConnection(DruidDataSource.java:1060)
	at com.alibaba.druid.pool.DruidDataSource.getConnection(DruidDataSource.java:1056)
	at com.alibaba.druid.pool.DruidDataSource.getConnection(DruidDataSource.java:104)
	at com.jfinal.plugin.activerecord.TableBuilder.build(TableBuilder.java:51)
	at com.jfinal.plugin.activerecord.ActiveRecordPlugin.start(ActiveRecordPlugin.java:228)
	at com.jfinal.core.Config.startPlugins(Config.java:128)
	at com.jfinal.core.Config.configPluginWithOrder(Config.java:71)
	at com.jfinal.core.Config.configJFinal(Config.java:59)
	at com.jfinal.core.JFinal.init(JFinal.java:61)
	at com.jfinal.core.JFinalFilter.init(JFinalFilter.java:64)
	at io.undertow.servlet.core.LifecyleInterceptorInvocation.proceed(LifecyleInterceptorInvocation.java:111)
	at io.undertow.servlet.core.ManagedFilter.createFilter(ManagedFilter.java:80)
	at io.undertow.servlet.core.DeploymentManagerImpl$2.call(DeploymentManagerImpl.java:594)
	at io.undertow.servlet.core.DeploymentManagerImpl$2.call(DeploymentManagerImpl.java:559)
	at io.undertow.servlet.core.ServletRequestContextThreadSetupAction$1.call(ServletRequestContextThreadSetupAction.java:42)
	at io.undertow.servlet.core.ContextClassLoaderSetupAction$1.call(ContextClassLoaderSetupAction.java:43)
	at io.undertow.servlet.core.DeploymentManagerImpl.start(DeploymentManagerImpl.java:601)
	at com.jfinal.server.undertow.UndertowServer.configHttp(UndertowServer.java:287)
	at com.jfinal.server.undertow.UndertowServer.doStart(UndertowServer.java:265)
	at com.jfinal.server.undertow.UndertowServer.start(UndertowServer.java:158)
	at com.jfinal.server.undertow.UndertowServer.start(UndertowServer.java:83)
	at com.xlerp.common.DemoConfig.main(DemoConfig.java:26)
Caused by: com.mysql.jdbc.exceptions.jdbc4.MySQLNonTransientConnectionException: Public Key Retrieval is not allowed
	at java.base/jdk.internal.reflect.NativeConstructorAccessorImpl.newInstance0(Native Method)
	at java.base/jdk.internal.reflect.NativeConstructorAccessorImpl.newInstance(NativeConstructorAccessorImpl.java:77)
	at java.base/jdk.internal.reflect.DelegatingConstructorAccessorImpl.newInstance(DelegatingConstructorAccessorImpl.java:45)
	at java.base/java.lang.reflect.Constructor.newInstanceWithCaller(Constructor.java:499)
	at java.base/java.lang.reflect.Constructor.newInstance(Constructor.java:480)
	at com.mysql.jdbc.Util.handleNewInstance(Util.java:403)
	at com.mysql.jdbc.Util.getInstance(Util.java:386)
	at com.mysql.jdbc.SQLError.createSQLException(SQLError.java:919)
	at com.mysql.jdbc.SQLError.createSQLException(SQLError.java:898)
	at com.mysql.jdbc.SQLError.createSQLException(SQLError.java:887)
	at com.mysql.jdbc.SQLError.createSQLException(SQLError.java:861)
	at com.mysql.jdbc.authentication.CachingSha2PasswordPlugin.nextAuthenticationStep(CachingSha2PasswordPlugin.java:130)
	at com.mysql.jdbc.MysqlIO.proceedHandshakeWithPluggableAuthentication(MysqlIO.java:1768)
	... 48 more

2025-05-20 15:05:01
[ERROR]-[Thread: main]-[com.jfinal.core.Config.startPlugins()]: Plugin start error: com.jfinal.plugin.activerecord.ActiveRecordPlugin. 
com.mysql.jdbc.exceptions.jdbc4.MySQLNonTransientConnectionException: Public Key Retrieval is not allowed
com.jfinal.plugin.activerecord.ActiveRecordException: com.mysql.jdbc.exceptions.jdbc4.MySQLNonTransientConnectionException: Public Key Retrieval is not allowed
	at com.jfinal.plugin.activerecord.TableBuilder.build(TableBuilder.java:63)
	at com.jfinal.plugin.activerecord.ActiveRecordPlugin.start(ActiveRecordPlugin.java:228)
	at com.jfinal.core.Config.startPlugins(Config.java:128)
	at com.jfinal.core.Config.configPluginWithOrder(Config.java:71)
	at com.jfinal.core.Config.configJFinal(Config.java:59)
	at com.jfinal.core.JFinal.init(JFinal.java:61)
	at com.jfinal.core.JFinalFilter.init(JFinalFilter.java:64)
	at io.undertow.servlet.core.LifecyleInterceptorInvocation.proceed(LifecyleInterceptorInvocation.java:111)
	at io.undertow.servlet.core.ManagedFilter.createFilter(ManagedFilter.java:80)
	at io.undertow.servlet.core.DeploymentManagerImpl$2.call(DeploymentManagerImpl.java:594)
	at io.undertow.servlet.core.DeploymentManagerImpl$2.call(DeploymentManagerImpl.java:559)
	at io.undertow.servlet.core.ServletRequestContextThreadSetupAction$1.call(ServletRequestContextThreadSetupAction.java:42)
	at io.undertow.servlet.core.ContextClassLoaderSetupAction$1.call(ContextClassLoaderSetupAction.java:43)
	at io.undertow.servlet.core.DeploymentManagerImpl.start(DeploymentManagerImpl.java:601)
	at com.jfinal.server.undertow.UndertowServer.configHttp(UndertowServer.java:287)
	at com.jfinal.server.undertow.UndertowServer.doStart(UndertowServer.java:265)
	at com.jfinal.server.undertow.UndertowServer.start(UndertowServer.java:158)
	at com.jfinal.server.undertow.UndertowServer.start(UndertowServer.java:83)
	at com.xlerp.common.DemoConfig.main(DemoConfig.java:26)
Caused by: com.mysql.jdbc.exceptions.jdbc4.MySQLNonTransientConnectionException: Public Key Retrieval is not allowed
	at java.base/jdk.internal.reflect.NativeConstructorAccessorImpl.newInstance0(Native Method)
	at java.base/jdk.internal.reflect.NativeConstructorAccessorImpl.newInstance(NativeConstructorAccessorImpl.java:77)
	at java.base/jdk.internal.reflect.DelegatingConstructorAccessorImpl.newInstance(DelegatingConstructorAccessorImpl.java:45)
	at java.base/java.lang.reflect.Constructor.newInstanceWithCaller(Constructor.java:499)
	at java.base/java.lang.reflect.Constructor.newInstance(Constructor.java:480)
	at com.mysql.jdbc.Util.handleNewInstance(Util.java:403)
	at com.mysql.jdbc.Util.getInstance(Util.java:386)
	at com.mysql.jdbc.SQLError.createSQLException(SQLError.java:919)
	at com.mysql.jdbc.SQLError.createSQLException(SQLError.java:898)
	at com.mysql.jdbc.SQLError.createSQLException(SQLError.java:887)
	at com.mysql.jdbc.SQLError.createSQLException(SQLError.java:861)
	at com.mysql.jdbc.SQLError.createSQLException(SQLError.java:878)
	at com.mysql.jdbc.SQLError.createSQLException(SQLError.java:874)
	at com.mysql.jdbc.MysqlIO.proceedHandshakeWithPluggableAuthentication(MysqlIO.java:1770)
	at com.mysql.jdbc.MysqlIO.doHandshake(MysqlIO.java:1217)
	at com.mysql.jdbc.ConnectionImpl.coreConnect(ConnectionImpl.java:2189)
	at com.mysql.jdbc.ConnectionImpl.connectOneTryOnly(ConnectionImpl.java:2220)
	at com.mysql.jdbc.ConnectionImpl.createNewIO(ConnectionImpl.java:2015)
	at com.mysql.jdbc.ConnectionImpl.<init>(ConnectionImpl.java:768)
	at com.mysql.jdbc.JDBC4Connection.<init>(JDBC4Connection.java:47)
	at java.base/jdk.internal.reflect.NativeConstructorAccessorImpl.newInstance0(Native Method)
	at java.base/jdk.internal.reflect.NativeConstructorAccessorImpl.newInstance(NativeConstructorAccessorImpl.java:77)
	at java.base/jdk.internal.reflect.DelegatingConstructorAccessorImpl.newInstance(DelegatingConstructorAccessorImpl.java:45)
	at java.base/java.lang.reflect.Constructor.newInstanceWithCaller(Constructor.java:499)
	at java.base/java.lang.reflect.Constructor.newInstance(Constructor.java:480)
	at com.mysql.jdbc.Util.handleNewInstance(Util.java:403)
	at com.mysql.jdbc.ConnectionImpl.getInstance(ConnectionImpl.java:385)
	at com.mysql.jdbc.NonRegisteringDriver.connect(NonRegisteringDriver.java:323)
	at net.sf.log4jdbc.DriverSpy.connect(DriverSpy.java:728)
	at com.alibaba.druid.filter.FilterChainImpl.connection_connect(FilterChainImpl.java:148)
	at com.alibaba.druid.filter.FilterAdapter.connection_connect(FilterAdapter.java:785)
	at com.alibaba.druid.filter.FilterChainImpl.connection_connect(FilterChainImpl.java:142)
	at com.alibaba.druid.filter.FilterAdapter.connection_connect(FilterAdapter.java:785)
	at com.alibaba.druid.filter.FilterEventAdapter.connection_connect(FilterEventAdapter.java:38)
	at com.alibaba.druid.filter.FilterChainImpl.connection_connect(FilterChainImpl.java:142)
	at com.alibaba.druid.filter.stat.StatFilter.connection_connect(StatFilter.java:220)
	at com.alibaba.druid.filter.FilterChainImpl.connection_connect(FilterChainImpl.java:142)
	at com.alibaba.druid.pool.DruidAbstractDataSource.createPhysicalConnection(DruidAbstractDataSource.java:1463)
	at com.alibaba.druid.pool.DruidAbstractDataSource.createPhysicalConnection(DruidAbstractDataSource.java:1525)
	at com.alibaba.druid.pool.DruidDataSource.init(DruidDataSource.java:734)
	at com.alibaba.druid.pool.DruidDataSource.getConnection(DruidDataSource.java:1060)
	at com.alibaba.druid.pool.DruidDataSource.getConnection(DruidDataSource.java:1056)
	at com.alibaba.druid.pool.DruidDataSource.getConnection(DruidDataSource.java:104)
	at com.jfinal.plugin.activerecord.TableBuilder.build(TableBuilder.java:51)
	... 18 more
Caused by: com.mysql.jdbc.exceptions.jdbc4.MySQLNonTransientConnectionException: Public Key Retrieval is not allowed
	at java.base/jdk.internal.reflect.NativeConstructorAccessorImpl.newInstance0(Native Method)
	at java.base/jdk.internal.reflect.NativeConstructorAccessorImpl.newInstance(NativeConstructorAccessorImpl.java:77)
	at java.base/jdk.internal.reflect.DelegatingConstructorAccessorImpl.newInstance(DelegatingConstructorAccessorImpl.java:45)
	at java.base/java.lang.reflect.Constructor.newInstanceWithCaller(Constructor.java:499)
	at java.base/java.lang.reflect.Constructor.newInstance(Constructor.java:480)
	at com.mysql.jdbc.Util.handleNewInstance(Util.java:403)
	at com.mysql.jdbc.Util.getInstance(Util.java:386)
	at com.mysql.jdbc.SQLError.createSQLException(SQLError.java:919)
	at com.mysql.jdbc.SQLError.createSQLException(SQLError.java:898)
	at com.mysql.jdbc.SQLError.createSQLException(SQLError.java:887)
	at com.mysql.jdbc.SQLError.createSQLException(SQLError.java:861)
	at com.mysql.jdbc.authentication.CachingSha2PasswordPlugin.nextAuthenticationStep(CachingSha2PasswordPlugin.java:130)
	at com.mysql.jdbc.MysqlIO.proceedHandshakeWithPluggableAuthentication(MysqlIO.java:1768)
	... 48 more

2025-05-20 15:19:21
[DEBUG]-[Thread: main]-[io.undertow.server.handlers.resource.PathResourceManager.<clinit>()]: Logging Provider: org.jboss.logging.Log4jLoggerProvider

2025-05-20 15:19:21
[INFO]-[Thread: main]-[org.xnio.Xnio.<clinit>()]: XNIO version 3.8.6.Final

2025-05-20 15:19:21
[INFO]-[Thread: main]-[org.xnio.nio.NioXnio.<clinit>()]: XNIO NIO Implementation Version 3.8.6.Final

2025-05-20 15:19:21
[DEBUG]-[Thread: main]-[org.jboss.logging.DelegatingBasicLogger.debugf()]: Setting default session timeout to 1800

2025-05-20 15:19:21
[DEBUG]-[Thread: main]-[io.undertow.server.session.InMemorySessionManager.registerSessionListener()]: Registered session listener io.undertow.servlet.core.SessionListenerBridge@58a90037

2025-05-20 15:19:21
[INFO]-[Thread: main]-[com.alibaba.druid.pool.DruidDataSource.init()]: {dataSource-1} inited

2025-05-20 15:19:21
[INFO]-[Thread: main]-[io.undertow.Undertow.start()]: starting server: Undertow - 2.2.17.Final

2025-05-20 15:19:21
[INFO]-[Thread: main]-[org.jboss.threads.Version.<clinit>()]: JBoss Threads version 3.1.0.Final

2025-05-20 15:19:21
[DEBUG]-[Thread: XNIO-1 I/O-1]-[org.xnio.nio.WorkerThread.run()]: Started channel thread 'XNIO-1 I/O-1', selector sun.nio.ch.WEPollSelectorImpl@308c68b7

2025-05-20 15:19:21
[DEBUG]-[Thread: XNIO-1 I/O-5]-[org.xnio.nio.WorkerThread.run()]: Started channel thread 'XNIO-1 I/O-5', selector sun.nio.ch.WEPollSelectorImpl@5b0c1958

2025-05-20 15:19:21
[DEBUG]-[Thread: XNIO-1 I/O-4]-[org.xnio.nio.WorkerThread.run()]: Started channel thread 'XNIO-1 I/O-4', selector sun.nio.ch.WEPollSelectorImpl@6a44c605

2025-05-20 15:19:21
[DEBUG]-[Thread: XNIO-1 I/O-6]-[org.xnio.nio.WorkerThread.run()]: Started channel thread 'XNIO-1 I/O-6', selector sun.nio.ch.WEPollSelectorImpl@beead67

2025-05-20 15:19:21
[DEBUG]-[Thread: XNIO-1 I/O-8]-[org.xnio.nio.WorkerThread.run()]: Started channel thread 'XNIO-1 I/O-8', selector sun.nio.ch.WEPollSelectorImpl@b4ef02d

2025-05-20 15:19:21
[DEBUG]-[Thread: XNIO-1 I/O-7]-[org.xnio.nio.WorkerThread.run()]: Started channel thread 'XNIO-1 I/O-7', selector sun.nio.ch.WEPollSelectorImpl@5b6bbf08

2025-05-20 15:19:21
[DEBUG]-[Thread: XNIO-1 I/O-3]-[org.xnio.nio.WorkerThread.run()]: Started channel thread 'XNIO-1 I/O-3', selector sun.nio.ch.WEPollSelectorImpl@6f85b24

2025-05-20 15:19:21
[DEBUG]-[Thread: XNIO-1 I/O-2]-[org.xnio.nio.WorkerThread.run()]: Started channel thread 'XNIO-1 I/O-2', selector sun.nio.ch.WEPollSelectorImpl@4190e9d5

2025-05-20 15:19:21
[DEBUG]-[Thread: main]-[io.undertow.Undertow.start()]: Configuring listener with protocol HTTP for interface 0.0.0.0 and port 8099

2025-05-20 15:19:21
[DEBUG]-[Thread: XNIO-1 Accept]-[org.xnio.nio.WorkerThread.run()]: Started channel thread 'XNIO-1 Accept', selector sun.nio.ch.WEPollSelectorImpl@3696b933

2025-05-20 15:19:21
[DEBUG]-[Thread: XNIO-1 I/O-19]-[org.xnio.nio.WorkerThread.run()]: Started channel thread 'XNIO-1 I/O-19', selector sun.nio.ch.WEPollSelectorImpl@2d17acd3

2025-05-20 15:19:21
[DEBUG]-[Thread: XNIO-1 I/O-18]-[org.xnio.nio.WorkerThread.run()]: Started channel thread 'XNIO-1 I/O-18', selector sun.nio.ch.WEPollSelectorImpl@47ec1cd8

2025-05-20 15:19:21
[DEBUG]-[Thread: XNIO-1 I/O-17]-[org.xnio.nio.WorkerThread.run()]: Started channel thread 'XNIO-1 I/O-17', selector sun.nio.ch.WEPollSelectorImpl@3b561e26

2025-05-20 15:19:21
[DEBUG]-[Thread: XNIO-1 I/O-16]-[org.xnio.nio.WorkerThread.run()]: Started channel thread 'XNIO-1 I/O-16', selector sun.nio.ch.WEPollSelectorImpl@634cd50b

2025-05-20 15:19:21
[DEBUG]-[Thread: XNIO-1 I/O-15]-[org.xnio.nio.WorkerThread.run()]: Started channel thread 'XNIO-1 I/O-15', selector sun.nio.ch.WEPollSelectorImpl@1320fa09

2025-05-20 15:19:21
[DEBUG]-[Thread: XNIO-1 I/O-14]-[org.xnio.nio.WorkerThread.run()]: Started channel thread 'XNIO-1 I/O-14', selector sun.nio.ch.WEPollSelectorImpl@20828139

2025-05-20 15:19:21
[DEBUG]-[Thread: XNIO-1 I/O-13]-[org.xnio.nio.WorkerThread.run()]: Started channel thread 'XNIO-1 I/O-13', selector sun.nio.ch.WEPollSelectorImpl@49ab9c7d

2025-05-20 15:19:21
[DEBUG]-[Thread: XNIO-1 I/O-12]-[org.xnio.nio.WorkerThread.run()]: Started channel thread 'XNIO-1 I/O-12', selector sun.nio.ch.WEPollSelectorImpl@2c8a75d0

2025-05-20 15:19:21
[DEBUG]-[Thread: XNIO-1 I/O-11]-[org.xnio.nio.WorkerThread.run()]: Started channel thread 'XNIO-1 I/O-11', selector sun.nio.ch.WEPollSelectorImpl@1140722c

2025-05-20 15:19:21
[DEBUG]-[Thread: XNIO-1 I/O-10]-[org.xnio.nio.WorkerThread.run()]: Started channel thread 'XNIO-1 I/O-10', selector sun.nio.ch.WEPollSelectorImpl@28c37c73

2025-05-20 15:19:21
[DEBUG]-[Thread: XNIO-1 I/O-9]-[org.xnio.nio.WorkerThread.run()]: Started channel thread 'XNIO-1 I/O-9', selector sun.nio.ch.WEPollSelectorImpl@632388f6

2025-05-20 15:19:28
[DEBUG]-[Thread: XNIO-1 I/O-16]-[io.undertow.util.PathMatcher.match()]: Matched default handler path /user/get

2025-05-20 15:19:28
[DEBUG]-[Thread: XNIO-1 task-1]-[io.undertow.security.impl.SecurityContextImpl.authenticate()]: Attempting to authenticate /user/get, authentication required: false

2025-05-20 15:19:28
[DEBUG]-[Thread: XNIO-1 task-1]-[io.undertow.security.impl.SecurityContextImpl$AuthAttempter.transition()]: Authentication outcome was NOT_ATTEMPTED with method io.undertow.security.impl.CachedAuthenticatedSessionMechanism@8b4ab70 for /user/get

2025-05-20 15:19:28
[DEBUG]-[Thread: XNIO-1 task-1]-[io.undertow.security.impl.SecurityContextImpl.authTransition()]: Authentication result was ATTEMPTED for /user/get

2025-05-20 15:20:28
[DEBUG]-[Thread: XNIO-1 I/O-16]-[io.undertow.server.protocol.ParseTimeoutUpdater.run()]: Timing out idle connection from /[0:0:0:0:0:0:0:1]:63393

2025-05-20 15:22:14
[INFO]-[Thread: Thread-0]-[com.alibaba.druid.pool.DruidDataSource.close()]: {dataSource-1} closed

2025-05-20 15:22:14
[INFO]-[Thread: Thread-0]-[io.undertow.Undertow.stop()]: stopping server: Undertow - 2.2.17.Final

2025-05-20 15:22:16
[DEBUG]-[Thread: main]-[io.undertow.server.handlers.resource.PathResourceManager.<clinit>()]: Logging Provider: org.jboss.logging.Log4jLoggerProvider

2025-05-20 15:22:16
[INFO]-[Thread: main]-[org.xnio.Xnio.<clinit>()]: XNIO version 3.8.6.Final

2025-05-20 15:22:16
[INFO]-[Thread: main]-[org.xnio.nio.NioXnio.<clinit>()]: XNIO NIO Implementation Version 3.8.6.Final

2025-05-20 15:22:16
[DEBUG]-[Thread: main]-[org.jboss.logging.DelegatingBasicLogger.debugf()]: Setting default session timeout to 1800

2025-05-20 15:22:16
[DEBUG]-[Thread: main]-[io.undertow.server.session.InMemorySessionManager.registerSessionListener()]: Registered session listener io.undertow.servlet.core.SessionListenerBridge@2a40cd94

2025-05-20 15:22:16
[INFO]-[Thread: main]-[com.alibaba.druid.pool.DruidDataSource.init()]: {dataSource-1} inited

2025-05-20 15:22:16
[INFO]-[Thread: main]-[io.undertow.Undertow.start()]: starting server: Undertow - 2.2.17.Final

2025-05-20 15:22:16
[INFO]-[Thread: main]-[org.jboss.threads.Version.<clinit>()]: JBoss Threads version 3.1.0.Final

2025-05-20 15:22:16
[DEBUG]-[Thread: XNIO-1 I/O-1]-[org.xnio.nio.WorkerThread.run()]: Started channel thread 'XNIO-1 I/O-1', selector sun.nio.ch.WEPollSelectorImpl@5a598aa5

2025-05-20 15:22:16
[DEBUG]-[Thread: XNIO-1 I/O-15]-[org.xnio.nio.WorkerThread.run()]: Started channel thread 'XNIO-1 I/O-15', selector sun.nio.ch.WEPollSelectorImpl@49ab9c7d

2025-05-20 15:22:16
[DEBUG]-[Thread: XNIO-1 I/O-14]-[org.xnio.nio.WorkerThread.run()]: Started channel thread 'XNIO-1 I/O-14', selector sun.nio.ch.WEPollSelectorImpl@2c8a75d0

2025-05-20 15:22:16
[DEBUG]-[Thread: XNIO-1 I/O-6]-[org.xnio.nio.WorkerThread.run()]: Started channel thread 'XNIO-1 I/O-6', selector sun.nio.ch.WEPollSelectorImpl@6a44c605

2025-05-20 15:22:16
[DEBUG]-[Thread: XNIO-1 I/O-2]-[org.xnio.nio.WorkerThread.run()]: Started channel thread 'XNIO-1 I/O-2', selector sun.nio.ch.WEPollSelectorImpl@5e8e8a05

2025-05-20 15:22:16
[DEBUG]-[Thread: XNIO-1 I/O-4]-[org.xnio.nio.WorkerThread.run()]: Started channel thread 'XNIO-1 I/O-4', selector sun.nio.ch.WEPollSelectorImpl@4190e9d5

2025-05-20 15:22:16
[DEBUG]-[Thread: XNIO-1 I/O-3]-[org.xnio.nio.WorkerThread.run()]: Started channel thread 'XNIO-1 I/O-3', selector sun.nio.ch.WEPollSelectorImpl@308c68b7

2025-05-20 15:22:16
[DEBUG]-[Thread: XNIO-1 I/O-5]-[org.xnio.nio.WorkerThread.run()]: Started channel thread 'XNIO-1 I/O-5', selector sun.nio.ch.WEPollSelectorImpl@6f85b24

2025-05-20 15:22:16
[DEBUG]-[Thread: main]-[io.undertow.Undertow.start()]: Configuring listener with protocol HTTP for interface 0.0.0.0 and port 8099

2025-05-20 15:22:16
[DEBUG]-[Thread: XNIO-1 Accept]-[org.xnio.nio.WorkerThread.run()]: Started channel thread 'XNIO-1 Accept', selector sun.nio.ch.WEPollSelectorImpl@56f2e2f5

2025-05-20 15:22:16
[DEBUG]-[Thread: XNIO-1 I/O-19]-[org.xnio.nio.WorkerThread.run()]: Started channel thread 'XNIO-1 I/O-19', selector sun.nio.ch.WEPollSelectorImpl@47ec1cd8

2025-05-20 15:22:16
[DEBUG]-[Thread: XNIO-1 I/O-18]-[org.xnio.nio.WorkerThread.run()]: Started channel thread 'XNIO-1 I/O-18', selector sun.nio.ch.WEPollSelectorImpl@634cd50b

2025-05-20 15:22:16
[DEBUG]-[Thread: XNIO-1 I/O-17]-[org.xnio.nio.WorkerThread.run()]: Started channel thread 'XNIO-1 I/O-17', selector sun.nio.ch.WEPollSelectorImpl@1320fa09

2025-05-20 15:22:16
[DEBUG]-[Thread: XNIO-1 I/O-10]-[org.xnio.nio.WorkerThread.run()]: Started channel thread 'XNIO-1 I/O-10', selector sun.nio.ch.WEPollSelectorImpl@b4ef02d

2025-05-20 15:22:16
[DEBUG]-[Thread: XNIO-1 I/O-8]-[org.xnio.nio.WorkerThread.run()]: Started channel thread 'XNIO-1 I/O-8', selector sun.nio.ch.WEPollSelectorImpl@beead67

2025-05-20 15:22:16
[DEBUG]-[Thread: XNIO-1 I/O-7]-[org.xnio.nio.WorkerThread.run()]: Started channel thread 'XNIO-1 I/O-7', selector sun.nio.ch.WEPollSelectorImpl@5b0c1958

2025-05-20 15:22:16
[DEBUG]-[Thread: XNIO-1 I/O-13]-[org.xnio.nio.WorkerThread.run()]: Started channel thread 'XNIO-1 I/O-13', selector sun.nio.ch.WEPollSelectorImpl@1140722c

2025-05-20 15:22:16
[DEBUG]-[Thread: XNIO-1 I/O-12]-[org.xnio.nio.WorkerThread.run()]: Started channel thread 'XNIO-1 I/O-12', selector sun.nio.ch.WEPollSelectorImpl@28c37c73

2025-05-20 15:22:16
[DEBUG]-[Thread: XNIO-1 I/O-11]-[org.xnio.nio.WorkerThread.run()]: Started channel thread 'XNIO-1 I/O-11', selector sun.nio.ch.WEPollSelectorImpl@632388f6

2025-05-20 15:22:16
[DEBUG]-[Thread: XNIO-1 I/O-16]-[org.xnio.nio.WorkerThread.run()]: Started channel thread 'XNIO-1 I/O-16', selector sun.nio.ch.WEPollSelectorImpl@20828139

2025-05-20 15:22:16
[DEBUG]-[Thread: XNIO-1 I/O-9]-[org.xnio.nio.WorkerThread.run()]: Started channel thread 'XNIO-1 I/O-9', selector sun.nio.ch.WEPollSelectorImpl@5b6bbf08

2025-05-20 15:22:20
[DEBUG]-[Thread: XNIO-1 I/O-3]-[io.undertow.util.PathMatcher.match()]: Matched default handler path /user/get

2025-05-20 15:22:20
[DEBUG]-[Thread: XNIO-1 task-1]-[io.undertow.security.impl.SecurityContextImpl.authenticate()]: Attempting to authenticate /user/get, authentication required: false

2025-05-20 15:22:20
[DEBUG]-[Thread: XNIO-1 task-1]-[io.undertow.security.impl.SecurityContextImpl$AuthAttempter.transition()]: Authentication outcome was NOT_ATTEMPTED with method io.undertow.security.impl.CachedAuthenticatedSessionMechanism@48689a01 for /user/get

2025-05-20 15:22:20
[DEBUG]-[Thread: XNIO-1 task-1]-[io.undertow.security.impl.SecurityContextImpl.authTransition()]: Authentication result was ATTEMPTED for /user/get

2025-05-20 15:23:20
[DEBUG]-[Thread: XNIO-1 I/O-3]-[io.undertow.server.protocol.ParseTimeoutUpdater.run()]: Timing out idle connection from /[0:0:0:0:0:0:0:1]:63459

2025-05-20 15:25:20
[INFO]-[Thread: Thread-0]-[com.alibaba.druid.pool.DruidDataSource.close()]: {dataSource-1} closed

2025-05-20 15:25:20
[INFO]-[Thread: Thread-0]-[io.undertow.Undertow.stop()]: stopping server: Undertow - 2.2.17.Final

2025-05-20 15:48:36
[DEBUG]-[Thread: main]-[io.undertow.server.handlers.resource.PathResourceManager.<clinit>()]: Logging Provider: org.jboss.logging.Log4jLoggerProvider

2025-05-20 15:48:36
[INFO]-[Thread: main]-[org.xnio.Xnio.<clinit>()]: XNIO version 3.8.6.Final

2025-05-20 15:48:36
[INFO]-[Thread: main]-[org.xnio.nio.NioXnio.<clinit>()]: XNIO NIO Implementation Version 3.8.6.Final

2025-05-20 15:48:36
[DEBUG]-[Thread: main]-[org.jboss.logging.DelegatingBasicLogger.debugf()]: Setting default session timeout to 1800

2025-05-20 15:48:36
[DEBUG]-[Thread: main]-[io.undertow.server.session.InMemorySessionManager.registerSessionListener()]: Registered session listener io.undertow.servlet.core.SessionListenerBridge@77a57272

2025-05-20 15:48:36
[INFO]-[Thread: main]-[com.alibaba.druid.pool.DruidDataSource.init()]: {dataSource-1} inited

2025-05-20 15:48:37
[INFO]-[Thread: main]-[io.undertow.Undertow.start()]: starting server: Undertow - 2.2.17.Final

2025-05-20 15:48:37
[INFO]-[Thread: main]-[org.jboss.threads.Version.<clinit>()]: JBoss Threads version 3.1.0.Final

2025-05-20 15:48:37
[DEBUG]-[Thread: XNIO-1 I/O-3]-[org.xnio.nio.WorkerThread.run()]: Started channel thread 'XNIO-1 I/O-3', selector sun.nio.ch.WEPollSelectorImpl@1140722c

2025-05-20 15:48:37
[DEBUG]-[Thread: XNIO-1 I/O-8]-[org.xnio.nio.WorkerThread.run()]: Started channel thread 'XNIO-1 I/O-8', selector sun.nio.ch.WEPollSelectorImpl@634cd50b

2025-05-20 15:48:37
[DEBUG]-[Thread: XNIO-1 I/O-7]-[org.xnio.nio.WorkerThread.run()]: Started channel thread 'XNIO-1 I/O-7', selector sun.nio.ch.WEPollSelectorImpl@1320fa09

2025-05-20 15:48:37
[DEBUG]-[Thread: XNIO-1 I/O-4]-[org.xnio.nio.WorkerThread.run()]: Started channel thread 'XNIO-1 I/O-4', selector sun.nio.ch.WEPollSelectorImpl@2c8a75d0

2025-05-20 15:48:37
[DEBUG]-[Thread: XNIO-1 I/O-2]-[org.xnio.nio.WorkerThread.run()]: Started channel thread 'XNIO-1 I/O-2', selector sun.nio.ch.WEPollSelectorImpl@28c37c73

2025-05-20 15:48:37
[DEBUG]-[Thread: XNIO-1 I/O-1]-[org.xnio.nio.WorkerThread.run()]: Started channel thread 'XNIO-1 I/O-1', selector sun.nio.ch.WEPollSelectorImpl@632388f6

2025-05-20 15:48:37
[DEBUG]-[Thread: XNIO-1 I/O-17]-[org.xnio.nio.WorkerThread.run()]: Started channel thread 'XNIO-1 I/O-17', selector sun.nio.ch.WEPollSelectorImpl@6cdaca29

2025-05-20 15:48:37
[DEBUG]-[Thread: XNIO-1 I/O-18]-[org.xnio.nio.WorkerThread.run()]: Started channel thread 'XNIO-1 I/O-18', selector sun.nio.ch.WEPollSelectorImpl@21eeb8ec

2025-05-20 15:48:37
[DEBUG]-[Thread: XNIO-1 I/O-12]-[org.xnio.nio.WorkerThread.run()]: Started channel thread 'XNIO-1 I/O-12', selector sun.nio.ch.WEPollSelectorImpl@2d17acd3

2025-05-20 15:48:37
[DEBUG]-[Thread: XNIO-1 I/O-6]-[org.xnio.nio.WorkerThread.run()]: Started channel thread 'XNIO-1 I/O-6', selector sun.nio.ch.WEPollSelectorImpl@20828139

2025-05-20 15:48:37
[DEBUG]-[Thread: XNIO-1 I/O-11]-[org.xnio.nio.WorkerThread.run()]: Started channel thread 'XNIO-1 I/O-11', selector sun.nio.ch.WEPollSelectorImpl@4111b710

2025-05-20 15:48:37
[DEBUG]-[Thread: main]-[io.undertow.Undertow.start()]: Configuring listener with protocol HTTP for interface 0.0.0.0 and port 8099

2025-05-20 15:48:37
[DEBUG]-[Thread: XNIO-1 I/O-5]-[org.xnio.nio.WorkerThread.run()]: Started channel thread 'XNIO-1 I/O-5', selector sun.nio.ch.WEPollSelectorImpl@49ab9c7d

2025-05-20 15:48:37
[DEBUG]-[Thread: XNIO-1 Accept]-[org.xnio.nio.WorkerThread.run()]: Started channel thread 'XNIO-1 Accept', selector sun.nio.ch.WEPollSelectorImpl@318c571

2025-05-20 15:48:37
[DEBUG]-[Thread: XNIO-1 I/O-15]-[org.xnio.nio.WorkerThread.run()]: Started channel thread 'XNIO-1 I/O-15', selector sun.nio.ch.WEPollSelectorImpl@2f8a0b16

2025-05-20 15:48:37
[DEBUG]-[Thread: XNIO-1 I/O-19]-[org.xnio.nio.WorkerThread.run()]: Started channel thread 'XNIO-1 I/O-19', selector sun.nio.ch.WEPollSelectorImpl@56f2e2f5

2025-05-20 15:48:37
[DEBUG]-[Thread: XNIO-1 I/O-16]-[org.xnio.nio.WorkerThread.run()]: Started channel thread 'XNIO-1 I/O-16', selector sun.nio.ch.WEPollSelectorImpl@31360477

2025-05-20 15:48:37
[DEBUG]-[Thread: XNIO-1 I/O-14]-[org.xnio.nio.WorkerThread.run()]: Started channel thread 'XNIO-1 I/O-14', selector sun.nio.ch.WEPollSelectorImpl@94209d0

2025-05-20 15:48:37
[DEBUG]-[Thread: XNIO-1 I/O-13]-[org.xnio.nio.WorkerThread.run()]: Started channel thread 'XNIO-1 I/O-13', selector sun.nio.ch.WEPollSelectorImpl@47f8559f

2025-05-20 15:48:37
[DEBUG]-[Thread: XNIO-1 I/O-10]-[org.xnio.nio.WorkerThread.run()]: Started channel thread 'XNIO-1 I/O-10', selector sun.nio.ch.WEPollSelectorImpl@47ec1cd8

2025-05-20 15:48:37
[DEBUG]-[Thread: XNIO-1 I/O-9]-[org.xnio.nio.WorkerThread.run()]: Started channel thread 'XNIO-1 I/O-9', selector sun.nio.ch.WEPollSelectorImpl@3b561e26

2025-05-20 15:48:41
[DEBUG]-[Thread: XNIO-1 I/O-6]-[io.undertow.util.PathMatcher.match()]: Matched default handler path /user/get

2025-05-20 15:48:41
[DEBUG]-[Thread: XNIO-1 task-1]-[io.undertow.security.impl.SecurityContextImpl.authenticate()]: Attempting to authenticate /user/get, authentication required: false

2025-05-20 15:48:41
[DEBUG]-[Thread: XNIO-1 task-1]-[io.undertow.security.impl.SecurityContextImpl$AuthAttempter.transition()]: Authentication outcome was NOT_ATTEMPTED with method io.undertow.security.impl.CachedAuthenticatedSessionMechanism@3dda0cb7 for /user/get

2025-05-20 15:48:41
[DEBUG]-[Thread: XNIO-1 task-1]-[io.undertow.security.impl.SecurityContextImpl.authTransition()]: Authentication result was ATTEMPTED for /user/get

2025-05-20 15:48:46
[DEBUG]-[Thread: XNIO-1 I/O-6]-[io.undertow.util.PathMatcher.match()]: Matched default handler path /menu/getpage

2025-05-20 15:48:46
[DEBUG]-[Thread: XNIO-1 task-1]-[io.undertow.security.impl.SecurityContextImpl.authenticate()]: Attempting to authenticate /menu/getpage, authentication required: false

2025-05-20 15:48:46
[DEBUG]-[Thread: XNIO-1 task-1]-[io.undertow.security.impl.SecurityContextImpl$AuthAttempter.transition()]: Authentication outcome was NOT_ATTEMPTED with method io.undertow.security.impl.CachedAuthenticatedSessionMechanism@3dda0cb7 for /menu/getpage

2025-05-20 15:48:46
[DEBUG]-[Thread: XNIO-1 task-1]-[io.undertow.security.impl.SecurityContextImpl.authTransition()]: Authentication result was ATTEMPTED for /menu/getpage

2025-05-20 15:48:46
[ERROR]-[Thread: XNIO-1 task-1]-[com.jfinal.core.ActionHandler.handle()]: com.xlerp.api.System.Controller.MenuController.getpage() : /menu/getpage
java.lang.NullPointerException: Cannot invoke "com.jfinal.plugin.activerecord.Config.close(java.sql.Connection)" because "config" is null
	at com.jfinal.plugin.activerecord.Model.doPaginate(Model.java:513)
	at com.jfinal.plugin.activerecord.Model.paginate(Model.java:487)
	at com.xlerp.api.System.Service.MenuService.paginate(MenuService.java:15)
	at com.xlerp.api.System.Controller.MenuController.getpage(MenuController.java:38)
	at java.base/jdk.internal.reflect.NativeMethodAccessorImpl.invoke0(Native Method)
	at java.base/jdk.internal.reflect.NativeMethodAccessorImpl.invoke(NativeMethodAccessorImpl.java:77)
	at java.base/jdk.internal.reflect.DelegatingMethodAccessorImpl.invoke(DelegatingMethodAccessorImpl.java:43)
	at java.base/java.lang.reflect.Method.invoke(Method.java:568)
	at com.jfinal.aop.Invocation.invoke(Invocation.java:97)
	at com.xlerp.api.Common.HttpMethodInterceptor.intercept(HttpMethodInterceptor.java:36)
	at com.jfinal.aop.Invocation.invoke(Invocation.java:91)
	at com.jfinal.core.ActionHandler.handle(ActionHandler.java:88)
	at com.jfinal.core.JFinalFilter.doFilter(JFinalFilter.java:90)
	at io.undertow.servlet.core.ManagedFilter.doFilter(ManagedFilter.java:61)
	at io.undertow.servlet.handlers.FilterHandler$FilterChainImpl.doFilter(FilterHandler.java:131)
	at io.undertow.servlet.handlers.FilterHandler.handleRequest(FilterHandler.java:84)
	at io.undertow.servlet.handlers.security.ServletSecurityRoleHandler.handleRequest(ServletSecurityRoleHandler.java:62)
	at io.undertow.servlet.handlers.ServletChain$1.handleRequest(ServletChain.java:68)
	at io.undertow.servlet.handlers.ServletDispatchingHandler.handleRequest(ServletDispatchingHandler.java:36)
	at io.undertow.servlet.handlers.RedirectDirHandler.handleRequest(RedirectDirHandler.java:68)
	at io.undertow.servlet.handlers.security.SSLInformationAssociationHandler.handleRequest(SSLInformationAssociationHandler.java:117)
	at io.undertow.servlet.handlers.security.ServletAuthenticationCallHandler.handleRequest(ServletAuthenticationCallHandler.java:57)
	at io.undertow.server.handlers.PredicateHandler.handleRequest(PredicateHandler.java:43)
	at io.undertow.security.handlers.AbstractConfidentialityHandler.handleRequest(AbstractConfidentialityHandler.java:46)
	at io.undertow.servlet.handlers.security.ServletConfidentialityConstraintHandler.handleRequest(ServletConfidentialityConstraintHandler.java:64)
	at io.undertow.security.handlers.AuthenticationMechanismsHandler.handleRequest(AuthenticationMechanismsHandler.java:60)
	at io.undertow.servlet.handlers.security.CachedAuthenticatedSessionHandler.handleRequest(CachedAuthenticatedSessionHandler.java:77)
	at io.undertow.security.handlers.AbstractSecurityContextAssociationHandler.handleRequest(AbstractSecurityContextAssociationHandler.java:43)
	at io.undertow.server.handlers.PredicateHandler.handleRequest(PredicateHandler.java:43)
	at io.undertow.servlet.handlers.SendErrorPageHandler.handleRequest(SendErrorPageHandler.java:52)
	at io.undertow.server.handlers.PredicateHandler.handleRequest(PredicateHandler.java:43)
	at io.undertow.servlet.handlers.ServletInitialHandler.handleFirstRequest(ServletInitialHandler.java:275)
	at io.undertow.servlet.handlers.ServletInitialHandler.access$100(ServletInitialHandler.java:79)
	at io.undertow.servlet.handlers.ServletInitialHandler$2.call(ServletInitialHandler.java:134)
	at io.undertow.servlet.handlers.ServletInitialHandler$2.call(ServletInitialHandler.java:131)
	at io.undertow.servlet.core.ServletRequestContextThreadSetupAction$1.call(ServletRequestContextThreadSetupAction.java:48)
	at io.undertow.servlet.core.ContextClassLoaderSetupAction$1.call(ContextClassLoaderSetupAction.java:43)
	at io.undertow.servlet.handlers.ServletInitialHandler.dispatchRequest(ServletInitialHandler.java:255)
	at io.undertow.servlet.handlers.ServletInitialHandler.access$000(ServletInitialHandler.java:79)
	at io.undertow.servlet.handlers.ServletInitialHandler$1.handleRequest(ServletInitialHandler.java:100)
	at io.undertow.server.Connectors.executeRootHandler(Connectors.java:387)
	at io.undertow.server.HttpServerExchange$1.run(HttpServerExchange.java:852)
	at org.jboss.threads.ContextClassLoaderSavingRunnable.run(ContextClassLoaderSavingRunnable.java:35)
	at org.jboss.threads.EnhancedQueueExecutor.safeRun(EnhancedQueueExecutor.java:2019)
	at org.jboss.threads.EnhancedQueueExecutor$ThreadBody.doRunTask(EnhancedQueueExecutor.java:1558)
	at org.jboss.threads.EnhancedQueueExecutor$ThreadBody.run(EnhancedQueueExecutor.java:1449)
	at org.xnio.XnioWorker$WorkerThreadFactory$1$1.run(XnioWorker.java:1280)
	at java.base/java.lang.Thread.run(Thread.java:833)

2025-05-20 15:48:46
[DEBUG]-[Thread: XNIO-1 task-1]-[org.jboss.logging.DelegatingBasicLogger.debugf()]: Setting error code 500 for exchange HttpServerExchange{ GET /menu/getpage}
java.lang.RuntimeException
	at io.undertow.server.HttpServerExchange.setStatusCode(HttpServerExchange.java:1484)
	at io.undertow.servlet.spec.HttpServletResponseImpl.setStatus(HttpServletResponseImpl.java:288)
	at com.jfinal.render.ErrorRender.render(ErrorRender.java:113)
	at com.jfinal.core.ActionHandler.handle(ActionHandler.java:131)
	at com.jfinal.core.JFinalFilter.doFilter(JFinalFilter.java:90)
	at io.undertow.servlet.core.ManagedFilter.doFilter(ManagedFilter.java:61)
	at io.undertow.servlet.handlers.FilterHandler$FilterChainImpl.doFilter(FilterHandler.java:131)
	at io.undertow.servlet.handlers.FilterHandler.handleRequest(FilterHandler.java:84)
	at io.undertow.servlet.handlers.security.ServletSecurityRoleHandler.handleRequest(ServletSecurityRoleHandler.java:62)
	at io.undertow.servlet.handlers.ServletChain$1.handleRequest(ServletChain.java:68)
	at io.undertow.servlet.handlers.ServletDispatchingHandler.handleRequest(ServletDispatchingHandler.java:36)
	at io.undertow.servlet.handlers.RedirectDirHandler.handleRequest(RedirectDirHandler.java:68)
	at io.undertow.servlet.handlers.security.SSLInformationAssociationHandler.handleRequest(SSLInformationAssociationHandler.java:117)
	at io.undertow.servlet.handlers.security.ServletAuthenticationCallHandler.handleRequest(ServletAuthenticationCallHandler.java:57)
	at io.undertow.server.handlers.PredicateHandler.handleRequest(PredicateHandler.java:43)
	at io.undertow.security.handlers.AbstractConfidentialityHandler.handleRequest(AbstractConfidentialityHandler.java:46)
	at io.undertow.servlet.handlers.security.ServletConfidentialityConstraintHandler.handleRequest(ServletConfidentialityConstraintHandler.java:64)
	at io.undertow.security.handlers.AuthenticationMechanismsHandler.handleRequest(AuthenticationMechanismsHandler.java:60)
	at io.undertow.servlet.handlers.security.CachedAuthenticatedSessionHandler.handleRequest(CachedAuthenticatedSessionHandler.java:77)
	at io.undertow.security.handlers.AbstractSecurityContextAssociationHandler.handleRequest(AbstractSecurityContextAssociationHandler.java:43)
	at io.undertow.server.handlers.PredicateHandler.handleRequest(PredicateHandler.java:43)
	at io.undertow.servlet.handlers.SendErrorPageHandler.handleRequest(SendErrorPageHandler.java:52)
	at io.undertow.server.handlers.PredicateHandler.handleRequest(PredicateHandler.java:43)
	at io.undertow.servlet.handlers.ServletInitialHandler.handleFirstRequest(ServletInitialHandler.java:275)
	at io.undertow.servlet.handlers.ServletInitialHandler.access$100(ServletInitialHandler.java:79)
	at io.undertow.servlet.handlers.ServletInitialHandler$2.call(ServletInitialHandler.java:134)
	at io.undertow.servlet.handlers.ServletInitialHandler$2.call(ServletInitialHandler.java:131)
	at io.undertow.servlet.core.ServletRequestContextThreadSetupAction$1.call(ServletRequestContextThreadSetupAction.java:48)
	at io.undertow.servlet.core.ContextClassLoaderSetupAction$1.call(ContextClassLoaderSetupAction.java:43)
	at io.undertow.servlet.handlers.ServletInitialHandler.dispatchRequest(ServletInitialHandler.java:255)
	at io.undertow.servlet.handlers.ServletInitialHandler.access$000(ServletInitialHandler.java:79)
	at io.undertow.servlet.handlers.ServletInitialHandler$1.handleRequest(ServletInitialHandler.java:100)
	at io.undertow.server.Connectors.executeRootHandler(Connectors.java:387)
	at io.undertow.server.HttpServerExchange$1.run(HttpServerExchange.java:852)
	at org.jboss.threads.ContextClassLoaderSavingRunnable.run(ContextClassLoaderSavingRunnable.java:35)
	at org.jboss.threads.EnhancedQueueExecutor.safeRun(EnhancedQueueExecutor.java:2019)
	at org.jboss.threads.EnhancedQueueExecutor$ThreadBody.doRunTask(EnhancedQueueExecutor.java:1558)
	at org.jboss.threads.EnhancedQueueExecutor$ThreadBody.run(EnhancedQueueExecutor.java:1449)
	at org.xnio.XnioWorker$WorkerThreadFactory$1$1.run(XnioWorker.java:1280)
	at java.base/java.lang.Thread.run(Thread.java:833)

2025-05-20 15:49:46
[DEBUG]-[Thread: XNIO-1 I/O-6]-[io.undertow.server.protocol.ParseTimeoutUpdater.run()]: Timing out idle connection from /[0:0:0:0:0:0:0:1]:53985

2025-05-20 15:51:32
[INFO]-[Thread: Thread-0]-[com.alibaba.druid.pool.DruidDataSource.close()]: {dataSource-1} closed

2025-05-20 15:51:32
[INFO]-[Thread: Thread-0]-[io.undertow.Undertow.stop()]: stopping server: Undertow - 2.2.17.Final

2025-05-20 15:51:35
[DEBUG]-[Thread: main]-[io.undertow.server.handlers.resource.PathResourceManager.<clinit>()]: Logging Provider: org.jboss.logging.Log4jLoggerProvider

2025-05-20 15:51:35
[INFO]-[Thread: main]-[org.xnio.Xnio.<clinit>()]: XNIO version 3.8.6.Final

2025-05-20 15:51:35
[INFO]-[Thread: main]-[org.xnio.nio.NioXnio.<clinit>()]: XNIO NIO Implementation Version 3.8.6.Final

2025-05-20 15:51:35
[DEBUG]-[Thread: main]-[org.jboss.logging.DelegatingBasicLogger.debugf()]: Setting default session timeout to 1800

2025-05-20 15:51:35
[DEBUG]-[Thread: main]-[io.undertow.server.session.InMemorySessionManager.registerSessionListener()]: Registered session listener io.undertow.servlet.core.SessionListenerBridge@b59d31

2025-05-20 15:51:35
[INFO]-[Thread: main]-[com.alibaba.druid.pool.DruidDataSource.init()]: {dataSource-1} inited

2025-05-20 15:51:35
[INFO]-[Thread: main]-[io.undertow.Undertow.start()]: starting server: Undertow - 2.2.17.Final

2025-05-20 15:51:35
[INFO]-[Thread: main]-[org.jboss.threads.Version.<clinit>()]: JBoss Threads version 3.1.0.Final

2025-05-20 15:51:35
[DEBUG]-[Thread: XNIO-1 I/O-1]-[org.xnio.nio.WorkerThread.run()]: Started channel thread 'XNIO-1 I/O-1', selector sun.nio.ch.WEPollSelectorImpl@1140722c

2025-05-20 15:51:35
[DEBUG]-[Thread: XNIO-1 I/O-9]-[org.xnio.nio.WorkerThread.run()]: Started channel thread 'XNIO-1 I/O-9', selector sun.nio.ch.WEPollSelectorImpl@4111b710

2025-05-20 15:51:35
[DEBUG]-[Thread: XNIO-1 I/O-5]-[org.xnio.nio.WorkerThread.run()]: Started channel thread 'XNIO-1 I/O-5', selector sun.nio.ch.WEPollSelectorImpl@1320fa09

2025-05-20 15:51:35
[DEBUG]-[Thread: XNIO-1 Accept]-[org.xnio.nio.WorkerThread.run()]: Started channel thread 'XNIO-1 Accept', selector sun.nio.ch.WEPollSelectorImpl@45b5da47

2025-05-20 15:51:35
[DEBUG]-[Thread: XNIO-1 I/O-2]-[org.xnio.nio.WorkerThread.run()]: Started channel thread 'XNIO-1 I/O-2', selector sun.nio.ch.WEPollSelectorImpl@2c8a75d0

2025-05-20 15:51:35
[DEBUG]-[Thread: XNIO-1 I/O-7]-[org.xnio.nio.WorkerThread.run()]: Started channel thread 'XNIO-1 I/O-7', selector sun.nio.ch.WEPollSelectorImpl@3b561e26

2025-05-20 15:51:35
[DEBUG]-[Thread: XNIO-1 I/O-8]-[org.xnio.nio.WorkerThread.run()]: Started channel thread 'XNIO-1 I/O-8', selector sun.nio.ch.WEPollSelectorImpl@47ec1cd8

2025-05-20 15:51:35
[DEBUG]-[Thread: XNIO-1 I/O-6]-[org.xnio.nio.WorkerThread.run()]: Started channel thread 'XNIO-1 I/O-6', selector sun.nio.ch.WEPollSelectorImpl@634cd50b

2025-05-20 15:51:35
[DEBUG]-[Thread: XNIO-1 I/O-4]-[org.xnio.nio.WorkerThread.run()]: Started channel thread 'XNIO-1 I/O-4', selector sun.nio.ch.WEPollSelectorImpl@20828139

2025-05-20 15:51:35
[DEBUG]-[Thread: XNIO-1 I/O-3]-[org.xnio.nio.WorkerThread.run()]: Started channel thread 'XNIO-1 I/O-3', selector sun.nio.ch.WEPollSelectorImpl@49ab9c7d

2025-05-20 15:51:35
[DEBUG]-[Thread: main]-[io.undertow.Undertow.start()]: Configuring listener with protocol HTTP for interface 0.0.0.0 and port 8099

2025-05-20 15:51:35
[DEBUG]-[Thread: XNIO-1 I/O-18]-[org.xnio.nio.WorkerThread.run()]: Started channel thread 'XNIO-1 I/O-18', selector sun.nio.ch.WEPollSelectorImpl@1ccd6343

2025-05-20 15:51:35
[DEBUG]-[Thread: XNIO-1 I/O-19]-[org.xnio.nio.WorkerThread.run()]: Started channel thread 'XNIO-1 I/O-19', selector sun.nio.ch.WEPollSelectorImpl@d21bf7f

2025-05-20 15:51:35
[DEBUG]-[Thread: XNIO-1 I/O-16]-[org.xnio.nio.WorkerThread.run()]: Started channel thread 'XNIO-1 I/O-16', selector sun.nio.ch.WEPollSelectorImpl@56f2e2f5

2025-05-20 15:51:35
[DEBUG]-[Thread: XNIO-1 I/O-15]-[org.xnio.nio.WorkerThread.run()]: Started channel thread 'XNIO-1 I/O-15', selector sun.nio.ch.WEPollSelectorImpl@6cdaca29

2025-05-20 15:51:35
[DEBUG]-[Thread: XNIO-1 I/O-17]-[org.xnio.nio.WorkerThread.run()]: Started channel thread 'XNIO-1 I/O-17', selector sun.nio.ch.WEPollSelectorImpl@118514f6

2025-05-20 15:51:35
[DEBUG]-[Thread: XNIO-1 I/O-14]-[org.xnio.nio.WorkerThread.run()]: Started channel thread 'XNIO-1 I/O-14', selector sun.nio.ch.WEPollSelectorImpl@31360477

2025-05-20 15:51:35
[DEBUG]-[Thread: XNIO-1 I/O-13]-[org.xnio.nio.WorkerThread.run()]: Started channel thread 'XNIO-1 I/O-13', selector sun.nio.ch.WEPollSelectorImpl@2f8a0b16

2025-05-20 15:51:35
[DEBUG]-[Thread: XNIO-1 I/O-12]-[org.xnio.nio.WorkerThread.run()]: Started channel thread 'XNIO-1 I/O-12', selector sun.nio.ch.WEPollSelectorImpl@94209d0

2025-05-20 15:51:35
[DEBUG]-[Thread: XNIO-1 I/O-11]-[org.xnio.nio.WorkerThread.run()]: Started channel thread 'XNIO-1 I/O-11', selector sun.nio.ch.WEPollSelectorImpl@47f8559f

2025-05-20 15:51:35
[DEBUG]-[Thread: XNIO-1 I/O-10]-[org.xnio.nio.WorkerThread.run()]: Started channel thread 'XNIO-1 I/O-10', selector sun.nio.ch.WEPollSelectorImpl@2d17acd3

2025-05-20 15:51:58
[INFO]-[Thread: Thread-0]-[com.alibaba.druid.pool.DruidDataSource.close()]: {dataSource-1} closed

2025-05-20 15:51:58
[INFO]-[Thread: Thread-0]-[io.undertow.Undertow.stop()]: stopping server: Undertow - 2.2.17.Final

2025-05-20 15:59:30
[DEBUG]-[Thread: main]-[io.undertow.server.handlers.resource.PathResourceManager.<clinit>()]: Logging Provider: org.jboss.logging.Log4jLoggerProvider

2025-05-20 15:59:30
[INFO]-[Thread: main]-[org.xnio.Xnio.<clinit>()]: XNIO version 3.8.6.Final

2025-05-20 15:59:30
[INFO]-[Thread: main]-[org.xnio.nio.NioXnio.<clinit>()]: XNIO NIO Implementation Version 3.8.6.Final

2025-05-20 15:59:30
[DEBUG]-[Thread: main]-[org.jboss.logging.DelegatingBasicLogger.debugf()]: Setting default session timeout to 1800

2025-05-20 15:59:30
[DEBUG]-[Thread: main]-[io.undertow.server.session.InMemorySessionManager.registerSessionListener()]: Registered session listener io.undertow.servlet.core.SessionListenerBridge@2f490758

2025-05-20 15:59:30
[INFO]-[Thread: main]-[com.alibaba.druid.pool.DruidDataSource.init()]: {dataSource-1} inited

2025-05-20 15:59:30
[INFO]-[Thread: main]-[io.undertow.Undertow.start()]: starting server: Undertow - 2.2.17.Final

2025-05-20 15:59:30
[INFO]-[Thread: main]-[org.jboss.threads.Version.<clinit>()]: JBoss Threads version 3.1.0.Final

2025-05-20 15:59:30
[DEBUG]-[Thread: XNIO-1 I/O-1]-[org.xnio.nio.WorkerThread.run()]: Started channel thread 'XNIO-1 I/O-1', selector sun.nio.ch.WEPollSelectorImpl@b4ef02d

2025-05-20 15:59:30
[DEBUG]-[Thread: XNIO-1 I/O-8]-[org.xnio.nio.WorkerThread.run()]: Started channel thread 'XNIO-1 I/O-8', selector sun.nio.ch.WEPollSelectorImpl@1320fa09

2025-05-20 15:59:30
[DEBUG]-[Thread: XNIO-1 I/O-7]-[org.xnio.nio.WorkerThread.run()]: Started channel thread 'XNIO-1 I/O-7', selector sun.nio.ch.WEPollSelectorImpl@20828139

2025-05-20 15:59:30
[DEBUG]-[Thread: XNIO-1 I/O-17]-[org.xnio.nio.WorkerThread.run()]: Started channel thread 'XNIO-1 I/O-17', selector sun.nio.ch.WEPollSelectorImpl@6cdaca29

2025-05-20 15:59:30
[DEBUG]-[Thread: XNIO-1 I/O-6]-[org.xnio.nio.WorkerThread.run()]: Started channel thread 'XNIO-1 I/O-6', selector sun.nio.ch.WEPollSelectorImpl@49ab9c7d

2025-05-20 15:59:30
[DEBUG]-[Thread: XNIO-1 I/O-5]-[org.xnio.nio.WorkerThread.run()]: Started channel thread 'XNIO-1 I/O-5', selector sun.nio.ch.WEPollSelectorImpl@2c8a75d0

2025-05-20 15:59:30
[DEBUG]-[Thread: XNIO-1 I/O-4]-[org.xnio.nio.WorkerThread.run()]: Started channel thread 'XNIO-1 I/O-4', selector sun.nio.ch.WEPollSelectorImpl@1140722c

2025-05-20 15:59:30
[DEBUG]-[Thread: XNIO-1 I/O-2]-[org.xnio.nio.WorkerThread.run()]: Started channel thread 'XNIO-1 I/O-2', selector sun.nio.ch.WEPollSelectorImpl@632388f6

2025-05-20 15:59:30
[DEBUG]-[Thread: XNIO-1 I/O-3]-[org.xnio.nio.WorkerThread.run()]: Started channel thread 'XNIO-1 I/O-3', selector sun.nio.ch.WEPollSelectorImpl@28c37c73

2025-05-20 15:59:30
[DEBUG]-[Thread: main]-[io.undertow.Undertow.start()]: Configuring listener with protocol HTTP for interface 0.0.0.0 and port 8099

2025-05-20 15:59:30
[DEBUG]-[Thread: XNIO-1 Accept]-[org.xnio.nio.WorkerThread.run()]: Started channel thread 'XNIO-1 Accept', selector sun.nio.ch.WEPollSelectorImpl@118514f6

2025-05-20 15:59:30
[DEBUG]-[Thread: XNIO-1 I/O-19]-[org.xnio.nio.WorkerThread.run()]: Started channel thread 'XNIO-1 I/O-19', selector sun.nio.ch.WEPollSelectorImpl@62ee7e06

2025-05-20 15:59:30
[DEBUG]-[Thread: XNIO-1 I/O-18]-[org.xnio.nio.WorkerThread.run()]: Started channel thread 'XNIO-1 I/O-18', selector sun.nio.ch.WEPollSelectorImpl@201223c7

2025-05-20 15:59:30
[DEBUG]-[Thread: XNIO-1 I/O-16]-[org.xnio.nio.WorkerThread.run()]: Started channel thread 'XNIO-1 I/O-16', selector sun.nio.ch.WEPollSelectorImpl@2f8a0b16

2025-05-20 15:59:30
[DEBUG]-[Thread: XNIO-1 I/O-15]-[org.xnio.nio.WorkerThread.run()]: Started channel thread 'XNIO-1 I/O-15', selector sun.nio.ch.WEPollSelectorImpl@94209d0

2025-05-20 15:59:30
[DEBUG]-[Thread: XNIO-1 I/O-14]-[org.xnio.nio.WorkerThread.run()]: Started channel thread 'XNIO-1 I/O-14', selector sun.nio.ch.WEPollSelectorImpl@47f8559f

2025-05-20 15:59:30
[DEBUG]-[Thread: XNIO-1 I/O-13]-[org.xnio.nio.WorkerThread.run()]: Started channel thread 'XNIO-1 I/O-13', selector sun.nio.ch.WEPollSelectorImpl@2d17acd3

2025-05-20 15:59:30
[DEBUG]-[Thread: XNIO-1 I/O-12]-[org.xnio.nio.WorkerThread.run()]: Started channel thread 'XNIO-1 I/O-12', selector sun.nio.ch.WEPollSelectorImpl@4111b710

2025-05-20 15:59:30
[DEBUG]-[Thread: XNIO-1 I/O-11]-[org.xnio.nio.WorkerThread.run()]: Started channel thread 'XNIO-1 I/O-11', selector sun.nio.ch.WEPollSelectorImpl@47ec1cd8

2025-05-20 15:59:30
[DEBUG]-[Thread: XNIO-1 I/O-10]-[org.xnio.nio.WorkerThread.run()]: Started channel thread 'XNIO-1 I/O-10', selector sun.nio.ch.WEPollSelectorImpl@3b561e26

2025-05-20 15:59:30
[DEBUG]-[Thread: XNIO-1 I/O-9]-[org.xnio.nio.WorkerThread.run()]: Started channel thread 'XNIO-1 I/O-9', selector sun.nio.ch.WEPollSelectorImpl@634cd50b

2025-05-20 15:59:33
[DEBUG]-[Thread: XNIO-1 I/O-15]-[io.undertow.util.PathMatcher.match()]: Matched default handler path /login/login

2025-05-20 15:59:33
[DEBUG]-[Thread: XNIO-1 task-1]-[io.undertow.security.impl.SecurityContextImpl.authenticate()]: Attempting to authenticate /login/login, authentication required: false

2025-05-20 15:59:33
[DEBUG]-[Thread: XNIO-1 task-1]-[io.undertow.security.impl.SecurityContextImpl$AuthAttempter.transition()]: Authentication outcome was NOT_ATTEMPTED with method io.undertow.security.impl.CachedAuthenticatedSessionMechanism@58a3a1f8 for /login/login

2025-05-20 15:59:33
[DEBUG]-[Thread: XNIO-1 task-1]-[io.undertow.security.impl.SecurityContextImpl.authTransition()]: Authentication result was ATTEMPTED for /login/login

2025-05-20 15:59:53
[INFO]-[Thread: Thread-0]-[com.alibaba.druid.pool.DruidDataSource.close()]: {dataSource-1} closed

2025-05-20 15:59:53
[INFO]-[Thread: Thread-0]-[io.undertow.Undertow.stop()]: stopping server: Undertow - 2.2.17.Final
