
2025-05-23 12:42:35
[ERROR]-[Thread: XNIO-1 task-2]-[com.jfinal.core.ActionHandler.handle()]: com.xlerp.api.Contract.Controller.BasContractController.getContractInfoByNo() : /bascontract/getContractInfoByNo?contractNo=151551
com.jfinal.plugin.activerecord.ActiveRecordException: com.mysql.jdbc.exceptions.jdbc4.MySQLSyntaxErrorException: Unknown table 'c'
	at com.jfinal.plugin.activerecord.DbPro.find(DbPro.java:400)
	at com.jfinal.plugin.activerecord.Db.find(Db.java:292)
	at com.xlerp.api.Contract.Service.BasContractService.getContractItemByNo(BasContractService.java:145)
	at com.xlerp.api.Contract.Controller.BasContractController.getContractInfoByNo(BasContractController.java:59)
	at java.base/jdk.internal.reflect.NativeMethodAccessorImpl.invoke0(Native Method)
	at java.base/jdk.internal.reflect.NativeMethodAccessorImpl.invoke(NativeMethodAccessorImpl.java:77)
	at java.base/jdk.internal.reflect.DelegatingMethodAccessorImpl.invoke(DelegatingMethodAccessorImpl.java:43)
	at java.base/java.lang.reflect.Method.invoke(Method.java:568)
	at com.jfinal.aop.Invocation.invoke(Invocation.java:97)
	at com.xlerp.api.Common.HttpMethodInterceptor.intercept(HttpMethodInterceptor.java:36)
	at com.jfinal.aop.Invocation.invoke(Invocation.java:91)
	at com.xlerp.common.DemoConfig$CorsInterceptor.intercept(DemoConfig.java:144)
	at com.jfinal.aop.Invocation.invoke(Invocation.java:91)
	at com.jfinal.core.ActionHandler.handle(ActionHandler.java:88)
	at com.jfinal.core.JFinalFilter.doFilter(JFinalFilter.java:90)
	at io.undertow.servlet.core.ManagedFilter.doFilter(ManagedFilter.java:61)
	at io.undertow.servlet.handlers.FilterHandler$FilterChainImpl.doFilter(FilterHandler.java:131)
	at io.undertow.servlet.handlers.FilterHandler.handleRequest(FilterHandler.java:84)
	at io.undertow.servlet.handlers.security.ServletSecurityRoleHandler.handleRequest(ServletSecurityRoleHandler.java:62)
	at io.undertow.servlet.handlers.ServletChain$1.handleRequest(ServletChain.java:68)
	at io.undertow.servlet.handlers.ServletDispatchingHandler.handleRequest(ServletDispatchingHandler.java:36)
	at io.undertow.servlet.handlers.RedirectDirHandler.handleRequest(RedirectDirHandler.java:68)
	at io.undertow.servlet.handlers.security.SSLInformationAssociationHandler.handleRequest(SSLInformationAssociationHandler.java:117)
	at io.undertow.servlet.handlers.security.ServletAuthenticationCallHandler.handleRequest(ServletAuthenticationCallHandler.java:57)
	at io.undertow.server.handlers.PredicateHandler.handleRequest(PredicateHandler.java:43)
	at io.undertow.security.handlers.AbstractConfidentialityHandler.handleRequest(AbstractConfidentialityHandler.java:46)
	at io.undertow.servlet.handlers.security.ServletConfidentialityConstraintHandler.handleRequest(ServletConfidentialityConstraintHandler.java:64)
	at io.undertow.security.handlers.AuthenticationMechanismsHandler.handleRequest(AuthenticationMechanismsHandler.java:60)
	at io.undertow.servlet.handlers.security.CachedAuthenticatedSessionHandler.handleRequest(CachedAuthenticatedSessionHandler.java:77)
	at io.undertow.security.handlers.AbstractSecurityContextAssociationHandler.handleRequest(AbstractSecurityContextAssociationHandler.java:43)
	at io.undertow.server.handlers.PredicateHandler.handleRequest(PredicateHandler.java:43)
	at io.undertow.servlet.handlers.SendErrorPageHandler.handleRequest(SendErrorPageHandler.java:52)
	at io.undertow.server.handlers.PredicateHandler.handleRequest(PredicateHandler.java:43)
	at io.undertow.servlet.handlers.SessionRestoringHandler.handleRequest(SessionRestoringHandler.java:119)
	at io.undertow.servlet.handlers.ServletInitialHandler.handleFirstRequest(ServletInitialHandler.java:275)
	at io.undertow.servlet.handlers.ServletInitialHandler.access$100(ServletInitialHandler.java:79)
	at io.undertow.servlet.handlers.ServletInitialHandler$2.call(ServletInitialHandler.java:134)
	at io.undertow.servlet.handlers.ServletInitialHandler$2.call(ServletInitialHandler.java:131)
	at io.undertow.servlet.core.ServletRequestContextThreadSetupAction$1.call(ServletRequestContextThreadSetupAction.java:48)
	at io.undertow.servlet.core.ContextClassLoaderSetupAction$1.call(ContextClassLoaderSetupAction.java:43)
	at io.undertow.servlet.handlers.ServletInitialHandler.dispatchRequest(ServletInitialHandler.java:255)
	at io.undertow.servlet.handlers.ServletInitialHandler.access$000(ServletInitialHandler.java:79)
	at io.undertow.servlet.handlers.ServletInitialHandler$1.handleRequest(ServletInitialHandler.java:100)
	at io.undertow.server.Connectors.executeRootHandler(Connectors.java:387)
	at io.undertow.server.HttpServerExchange$1.run(HttpServerExchange.java:852)
	at org.jboss.threads.ContextClassLoaderSavingRunnable.run(ContextClassLoaderSavingRunnable.java:35)
	at org.jboss.threads.EnhancedQueueExecutor.safeRun(EnhancedQueueExecutor.java:2019)
	at org.jboss.threads.EnhancedQueueExecutor$ThreadBody.doRunTask(EnhancedQueueExecutor.java:1558)
	at org.jboss.threads.EnhancedQueueExecutor$ThreadBody.run(EnhancedQueueExecutor.java:1449)
	at org.xnio.XnioWorker$WorkerThreadFactory$1$1.run(XnioWorker.java:1280)
	at java.base/java.lang.Thread.run(Thread.java:833)
Caused by: com.mysql.jdbc.exceptions.jdbc4.MySQLSyntaxErrorException: Unknown table 'c'
	at java.base/jdk.internal.reflect.NativeConstructorAccessorImpl.newInstance0(Native Method)
	at java.base/jdk.internal.reflect.NativeConstructorAccessorImpl.newInstance(NativeConstructorAccessorImpl.java:77)
	at java.base/jdk.internal.reflect.DelegatingConstructorAccessorImpl.newInstance(DelegatingConstructorAccessorImpl.java:45)
	at java.base/java.lang.reflect.Constructor.newInstanceWithCaller(Constructor.java:499)
	at java.base/java.lang.reflect.Constructor.newInstance(Constructor.java:480)
	at com.mysql.jdbc.Util.handleNewInstance(Util.java:403)
	at com.mysql.jdbc.Util.getInstance(Util.java:386)
	at com.mysql.jdbc.SQLError.createSQLException(SQLError.java:944)
	at com.mysql.jdbc.MysqlIO.checkErrorPacket(MysqlIO.java:3933)
	at com.mysql.jdbc.MysqlIO.checkErrorPacket(MysqlIO.java:3869)
	at com.mysql.jdbc.MysqlIO.sendCommand(MysqlIO.java:2524)
	at com.mysql.jdbc.MysqlIO.sqlQueryDirect(MysqlIO.java:2675)
	at com.mysql.jdbc.ConnectionImpl.execSQL(ConnectionImpl.java:2465)
	at com.mysql.jdbc.PreparedStatement.executeInternal(PreparedStatement.java:1915)
	at com.mysql.jdbc.PreparedStatement.executeQuery(PreparedStatement.java:2023)
	at com.alibaba.druid.filter.FilterChainImpl.preparedStatement_executeQuery(FilterChainImpl.java:2714)
	at com.alibaba.druid.filter.FilterAdapter.preparedStatement_executeQuery(FilterAdapter.java:1064)
	at com.alibaba.druid.filter.FilterChainImpl.preparedStatement_executeQuery(FilterChainImpl.java:2711)
	at com.alibaba.druid.proxy.jdbc.PreparedStatementProxyImpl.executeQuery(PreparedStatementProxyImpl.java:145)
	at com.alibaba.druid.pool.DruidPooledPreparedStatement.executeQuery(DruidPooledPreparedStatement.java:227)
	at com.jfinal.plugin.activerecord.DbPro.find(DbPro.java:384)
	at com.jfinal.plugin.activerecord.DbPro.find(DbPro.java:398)
	... 50 more

2025-05-23 12:43:41
[ERROR]-[Thread: XNIO-1 task-1]-[com.jfinal.core.ActionHandler.handle()]: com.xlerp.api.Contract.Controller.BasContractController.getContractInfoByNo() : /bascontract/getContractInfoByNo?contractNo=151551
com.jfinal.plugin.activerecord.ActiveRecordException: com.mysql.jdbc.exceptions.jdbc4.MySQLSyntaxErrorException: Unknown table 'c'
	at com.jfinal.plugin.activerecord.DbPro.find(DbPro.java:400)
	at com.jfinal.plugin.activerecord.Db.find(Db.java:292)
	at com.xlerp.api.Contract.Service.BasContractService.getContractItemByNo(BasContractService.java:145)
	at com.xlerp.api.Contract.Controller.BasContractController.getContractInfoByNo(BasContractController.java:59)
	at java.base/jdk.internal.reflect.NativeMethodAccessorImpl.invoke0(Native Method)
	at java.base/jdk.internal.reflect.NativeMethodAccessorImpl.invoke(NativeMethodAccessorImpl.java:77)
	at java.base/jdk.internal.reflect.DelegatingMethodAccessorImpl.invoke(DelegatingMethodAccessorImpl.java:43)
	at java.base/java.lang.reflect.Method.invoke(Method.java:568)
	at com.jfinal.aop.Invocation.invoke(Invocation.java:97)
	at com.xlerp.api.Common.HttpMethodInterceptor.intercept(HttpMethodInterceptor.java:36)
	at com.jfinal.aop.Invocation.invoke(Invocation.java:91)
	at com.xlerp.common.DemoConfig$CorsInterceptor.intercept(DemoConfig.java:144)
	at com.jfinal.aop.Invocation.invoke(Invocation.java:91)
	at com.jfinal.core.ActionHandler.handle(ActionHandler.java:88)
	at com.jfinal.core.JFinalFilter.doFilter(JFinalFilter.java:90)
	at io.undertow.servlet.core.ManagedFilter.doFilter(ManagedFilter.java:61)
	at io.undertow.servlet.handlers.FilterHandler$FilterChainImpl.doFilter(FilterHandler.java:131)
	at io.undertow.servlet.handlers.FilterHandler.handleRequest(FilterHandler.java:84)
	at io.undertow.servlet.handlers.security.ServletSecurityRoleHandler.handleRequest(ServletSecurityRoleHandler.java:62)
	at io.undertow.servlet.handlers.ServletChain$1.handleRequest(ServletChain.java:68)
	at io.undertow.servlet.handlers.ServletDispatchingHandler.handleRequest(ServletDispatchingHandler.java:36)
	at io.undertow.servlet.handlers.RedirectDirHandler.handleRequest(RedirectDirHandler.java:68)
	at io.undertow.servlet.handlers.security.SSLInformationAssociationHandler.handleRequest(SSLInformationAssociationHandler.java:117)
	at io.undertow.servlet.handlers.security.ServletAuthenticationCallHandler.handleRequest(ServletAuthenticationCallHandler.java:57)
	at io.undertow.server.handlers.PredicateHandler.handleRequest(PredicateHandler.java:43)
	at io.undertow.security.handlers.AbstractConfidentialityHandler.handleRequest(AbstractConfidentialityHandler.java:46)
	at io.undertow.servlet.handlers.security.ServletConfidentialityConstraintHandler.handleRequest(ServletConfidentialityConstraintHandler.java:64)
	at io.undertow.security.handlers.AuthenticationMechanismsHandler.handleRequest(AuthenticationMechanismsHandler.java:60)
	at io.undertow.servlet.handlers.security.CachedAuthenticatedSessionHandler.handleRequest(CachedAuthenticatedSessionHandler.java:77)
	at io.undertow.security.handlers.AbstractSecurityContextAssociationHandler.handleRequest(AbstractSecurityContextAssociationHandler.java:43)
	at io.undertow.server.handlers.PredicateHandler.handleRequest(PredicateHandler.java:43)
	at io.undertow.servlet.handlers.SendErrorPageHandler.handleRequest(SendErrorPageHandler.java:52)
	at io.undertow.server.handlers.PredicateHandler.handleRequest(PredicateHandler.java:43)
	at io.undertow.servlet.handlers.SessionRestoringHandler.handleRequest(SessionRestoringHandler.java:119)
	at io.undertow.servlet.handlers.ServletInitialHandler.handleFirstRequest(ServletInitialHandler.java:275)
	at io.undertow.servlet.handlers.ServletInitialHandler.access$100(ServletInitialHandler.java:79)
	at io.undertow.servlet.handlers.ServletInitialHandler$2.call(ServletInitialHandler.java:134)
	at io.undertow.servlet.handlers.ServletInitialHandler$2.call(ServletInitialHandler.java:131)
	at io.undertow.servlet.core.ServletRequestContextThreadSetupAction$1.call(ServletRequestContextThreadSetupAction.java:48)
	at io.undertow.servlet.core.ContextClassLoaderSetupAction$1.call(ContextClassLoaderSetupAction.java:43)
	at io.undertow.servlet.handlers.ServletInitialHandler.dispatchRequest(ServletInitialHandler.java:255)
	at io.undertow.servlet.handlers.ServletInitialHandler.access$000(ServletInitialHandler.java:79)
	at io.undertow.servlet.handlers.ServletInitialHandler$1.handleRequest(ServletInitialHandler.java:100)
	at io.undertow.server.Connectors.executeRootHandler(Connectors.java:387)
	at io.undertow.server.HttpServerExchange$1.run(HttpServerExchange.java:852)
	at org.jboss.threads.ContextClassLoaderSavingRunnable.run(ContextClassLoaderSavingRunnable.java:35)
	at org.jboss.threads.EnhancedQueueExecutor.safeRun(EnhancedQueueExecutor.java:2019)
	at org.jboss.threads.EnhancedQueueExecutor$ThreadBody.doRunTask(EnhancedQueueExecutor.java:1558)
	at org.jboss.threads.EnhancedQueueExecutor$ThreadBody.run(EnhancedQueueExecutor.java:1423)
	at org.xnio.XnioWorker$WorkerThreadFactory$1$1.run(XnioWorker.java:1280)
	at java.base/java.lang.Thread.run(Thread.java:833)
Caused by: com.mysql.jdbc.exceptions.jdbc4.MySQLSyntaxErrorException: Unknown table 'c'
	at java.base/jdk.internal.reflect.NativeConstructorAccessorImpl.newInstance0(Native Method)
	at java.base/jdk.internal.reflect.NativeConstructorAccessorImpl.newInstance(NativeConstructorAccessorImpl.java:77)
	at java.base/jdk.internal.reflect.DelegatingConstructorAccessorImpl.newInstance(DelegatingConstructorAccessorImpl.java:45)
	at java.base/java.lang.reflect.Constructor.newInstanceWithCaller(Constructor.java:499)
	at java.base/java.lang.reflect.Constructor.newInstance(Constructor.java:480)
	at com.mysql.jdbc.Util.handleNewInstance(Util.java:403)
	at com.mysql.jdbc.Util.getInstance(Util.java:386)
	at com.mysql.jdbc.SQLError.createSQLException(SQLError.java:944)
	at com.mysql.jdbc.MysqlIO.checkErrorPacket(MysqlIO.java:3933)
	at com.mysql.jdbc.MysqlIO.checkErrorPacket(MysqlIO.java:3869)
	at com.mysql.jdbc.MysqlIO.sendCommand(MysqlIO.java:2524)
	at com.mysql.jdbc.MysqlIO.sqlQueryDirect(MysqlIO.java:2675)
	at com.mysql.jdbc.ConnectionImpl.execSQL(ConnectionImpl.java:2465)
	at com.mysql.jdbc.PreparedStatement.executeInternal(PreparedStatement.java:1915)
	at com.mysql.jdbc.PreparedStatement.executeQuery(PreparedStatement.java:2023)
	at com.alibaba.druid.filter.FilterChainImpl.preparedStatement_executeQuery(FilterChainImpl.java:2714)
	at com.alibaba.druid.filter.FilterAdapter.preparedStatement_executeQuery(FilterAdapter.java:1064)
	at com.alibaba.druid.filter.FilterChainImpl.preparedStatement_executeQuery(FilterChainImpl.java:2711)
	at com.alibaba.druid.proxy.jdbc.PreparedStatementProxyImpl.executeQuery(PreparedStatementProxyImpl.java:145)
	at com.alibaba.druid.pool.DruidPooledPreparedStatement.executeQuery(DruidPooledPreparedStatement.java:227)
	at com.jfinal.plugin.activerecord.DbPro.find(DbPro.java:384)
	at com.jfinal.plugin.activerecord.DbPro.find(DbPro.java:398)
	... 50 more

2025-05-23 13:11:59
[ERROR]-[Thread: XNIO-1 task-2]-[com.jfinal.core.ActionHandler.handle()]: com.xlerp.api.Contract.Controller.BasContractController.getContractList() : /bascontract/getContractList?pageNumber=1&pageSize=10
com.jfinal.plugin.activerecord.ActiveRecordException: com.mysql.jdbc.exceptions.jdbc4.MySQLSyntaxErrorException: Unknown column 'c.itemsum' in 'field list'
	at com.jfinal.plugin.activerecord.DbPro.doPaginate(DbPro.java:608)
	at com.jfinal.plugin.activerecord.DbPro.paginate(DbPro.java:585)
	at com.jfinal.plugin.activerecord.Db.paginate(Db.java:450)
	at com.xlerp.api.Contract.Service.BasContractService.getContractList(BasContractService.java:76)
	at com.xlerp.api.Contract.Controller.BasContractController.getContractList(BasContractController.java:41)
	at java.base/jdk.internal.reflect.NativeMethodAccessorImpl.invoke0(Native Method)
	at java.base/jdk.internal.reflect.NativeMethodAccessorImpl.invoke(NativeMethodAccessorImpl.java:77)
	at java.base/jdk.internal.reflect.DelegatingMethodAccessorImpl.invoke(DelegatingMethodAccessorImpl.java:43)
	at java.base/java.lang.reflect.Method.invoke(Method.java:568)
	at com.jfinal.aop.Invocation.invoke(Invocation.java:97)
	at com.xlerp.api.Common.HttpMethodInterceptor.intercept(HttpMethodInterceptor.java:36)
	at com.jfinal.aop.Invocation.invoke(Invocation.java:91)
	at com.xlerp.common.DemoConfig$CorsInterceptor.intercept(DemoConfig.java:144)
	at com.jfinal.aop.Invocation.invoke(Invocation.java:91)
	at com.jfinal.core.ActionHandler.handle(ActionHandler.java:88)
	at com.jfinal.core.JFinalFilter.doFilter(JFinalFilter.java:90)
	at io.undertow.servlet.core.ManagedFilter.doFilter(ManagedFilter.java:61)
	at io.undertow.servlet.handlers.FilterHandler$FilterChainImpl.doFilter(FilterHandler.java:131)
	at io.undertow.servlet.handlers.FilterHandler.handleRequest(FilterHandler.java:84)
	at io.undertow.servlet.handlers.security.ServletSecurityRoleHandler.handleRequest(ServletSecurityRoleHandler.java:62)
	at io.undertow.servlet.handlers.ServletChain$1.handleRequest(ServletChain.java:68)
	at io.undertow.servlet.handlers.ServletDispatchingHandler.handleRequest(ServletDispatchingHandler.java:36)
	at io.undertow.servlet.handlers.RedirectDirHandler.handleRequest(RedirectDirHandler.java:68)
	at io.undertow.servlet.handlers.security.SSLInformationAssociationHandler.handleRequest(SSLInformationAssociationHandler.java:117)
	at io.undertow.servlet.handlers.security.ServletAuthenticationCallHandler.handleRequest(ServletAuthenticationCallHandler.java:57)
	at io.undertow.server.handlers.PredicateHandler.handleRequest(PredicateHandler.java:43)
	at io.undertow.security.handlers.AbstractConfidentialityHandler.handleRequest(AbstractConfidentialityHandler.java:46)
	at io.undertow.servlet.handlers.security.ServletConfidentialityConstraintHandler.handleRequest(ServletConfidentialityConstraintHandler.java:64)
	at io.undertow.security.handlers.AuthenticationMechanismsHandler.handleRequest(AuthenticationMechanismsHandler.java:60)
	at io.undertow.servlet.handlers.security.CachedAuthenticatedSessionHandler.handleRequest(CachedAuthenticatedSessionHandler.java:77)
	at io.undertow.security.handlers.AbstractSecurityContextAssociationHandler.handleRequest(AbstractSecurityContextAssociationHandler.java:43)
	at io.undertow.server.handlers.PredicateHandler.handleRequest(PredicateHandler.java:43)
	at io.undertow.servlet.handlers.SendErrorPageHandler.handleRequest(SendErrorPageHandler.java:52)
	at io.undertow.server.handlers.PredicateHandler.handleRequest(PredicateHandler.java:43)
	at io.undertow.servlet.handlers.SessionRestoringHandler.handleRequest(SessionRestoringHandler.java:119)
	at io.undertow.servlet.handlers.ServletInitialHandler.handleFirstRequest(ServletInitialHandler.java:275)
	at io.undertow.servlet.handlers.ServletInitialHandler.access$100(ServletInitialHandler.java:79)
	at io.undertow.servlet.handlers.ServletInitialHandler$2.call(ServletInitialHandler.java:134)
	at io.undertow.servlet.handlers.ServletInitialHandler$2.call(ServletInitialHandler.java:131)
	at io.undertow.servlet.core.ServletRequestContextThreadSetupAction$1.call(ServletRequestContextThreadSetupAction.java:48)
	at io.undertow.servlet.core.ContextClassLoaderSetupAction$1.call(ContextClassLoaderSetupAction.java:43)
	at io.undertow.servlet.handlers.ServletInitialHandler.dispatchRequest(ServletInitialHandler.java:255)
	at io.undertow.servlet.handlers.ServletInitialHandler.access$000(ServletInitialHandler.java:79)
	at io.undertow.servlet.handlers.ServletInitialHandler$1.handleRequest(ServletInitialHandler.java:100)
	at io.undertow.server.Connectors.executeRootHandler(Connectors.java:387)
	at io.undertow.server.HttpServerExchange$1.run(HttpServerExchange.java:852)
	at org.jboss.threads.ContextClassLoaderSavingRunnable.run(ContextClassLoaderSavingRunnable.java:35)
	at org.jboss.threads.EnhancedQueueExecutor.safeRun(EnhancedQueueExecutor.java:2019)
	at org.jboss.threads.EnhancedQueueExecutor$ThreadBody.doRunTask(EnhancedQueueExecutor.java:1558)
	at org.jboss.threads.EnhancedQueueExecutor$ThreadBody.run(EnhancedQueueExecutor.java:1423)
	at org.xnio.XnioWorker$WorkerThreadFactory$1$1.run(XnioWorker.java:1280)
	at java.base/java.lang.Thread.run(Thread.java:833)
Caused by: com.mysql.jdbc.exceptions.jdbc4.MySQLSyntaxErrorException: Unknown column 'c.itemsum' in 'field list'
	at java.base/jdk.internal.reflect.NativeConstructorAccessorImpl.newInstance0(Native Method)
	at java.base/jdk.internal.reflect.NativeConstructorAccessorImpl.newInstance(NativeConstructorAccessorImpl.java:77)
	at java.base/jdk.internal.reflect.DelegatingConstructorAccessorImpl.newInstance(DelegatingConstructorAccessorImpl.java:45)
	at java.base/java.lang.reflect.Constructor.newInstanceWithCaller(Constructor.java:499)
	at java.base/java.lang.reflect.Constructor.newInstance(Constructor.java:480)
	at com.mysql.jdbc.Util.handleNewInstance(Util.java:403)
	at com.mysql.jdbc.Util.getInstance(Util.java:386)
	at com.mysql.jdbc.SQLError.createSQLException(SQLError.java:944)
	at com.mysql.jdbc.MysqlIO.checkErrorPacket(MysqlIO.java:3933)
	at com.mysql.jdbc.MysqlIO.checkErrorPacket(MysqlIO.java:3869)
	at com.mysql.jdbc.MysqlIO.sendCommand(MysqlIO.java:2524)
	at com.mysql.jdbc.MysqlIO.sqlQueryDirect(MysqlIO.java:2675)
	at com.mysql.jdbc.ConnectionImpl.execSQL(ConnectionImpl.java:2465)
	at com.mysql.jdbc.PreparedStatement.executeInternal(PreparedStatement.java:1915)
	at com.mysql.jdbc.PreparedStatement.executeQuery(PreparedStatement.java:2023)
	at com.alibaba.druid.filter.FilterChainImpl.preparedStatement_executeQuery(FilterChainImpl.java:2714)
	at com.alibaba.druid.filter.FilterAdapter.preparedStatement_executeQuery(FilterAdapter.java:1064)
	at com.alibaba.druid.filter.FilterChainImpl.preparedStatement_executeQuery(FilterChainImpl.java:2711)
	at com.alibaba.druid.proxy.jdbc.PreparedStatementProxyImpl.executeQuery(PreparedStatementProxyImpl.java:145)
	at com.alibaba.druid.pool.DruidPooledPreparedStatement.executeQuery(DruidPooledPreparedStatement.java:227)
	at com.jfinal.plugin.activerecord.DbPro.find(DbPro.java:384)
	at com.jfinal.plugin.activerecord.DbPro.doPaginateByFullSql(DbPro.java:649)
	at com.jfinal.plugin.activerecord.DbPro.doPaginate(DbPro.java:606)
	... 51 more

2025-05-23 13:14:39
[ERROR]-[Thread: XNIO-1 task-2]-[com.jfinal.core.ActionHandler.handle()]: com.xlerp.api.Contract.Controller.BasContractController.getContractList() : /bascontract/getContractList?pageNumber=1&pageSize=10
com.jfinal.plugin.activerecord.ActiveRecordException: com.mysql.jdbc.exceptions.jdbc4.MySQLSyntaxErrorException: Unknown column 'c.nameo.descr' in 'field list'
	at com.jfinal.plugin.activerecord.DbPro.doPaginate(DbPro.java:608)
	at com.jfinal.plugin.activerecord.DbPro.paginate(DbPro.java:585)
	at com.jfinal.plugin.activerecord.Db.paginate(Db.java:450)
	at com.xlerp.api.Contract.Service.BasContractService.getContractList(BasContractService.java:73)
	at com.xlerp.api.Contract.Controller.BasContractController.getContractList(BasContractController.java:41)
	at java.base/jdk.internal.reflect.NativeMethodAccessorImpl.invoke0(Native Method)
	at java.base/jdk.internal.reflect.NativeMethodAccessorImpl.invoke(NativeMethodAccessorImpl.java:77)
	at java.base/jdk.internal.reflect.DelegatingMethodAccessorImpl.invoke(DelegatingMethodAccessorImpl.java:43)
	at java.base/java.lang.reflect.Method.invoke(Method.java:568)
	at com.jfinal.aop.Invocation.invoke(Invocation.java:97)
	at com.xlerp.api.Common.HttpMethodInterceptor.intercept(HttpMethodInterceptor.java:36)
	at com.jfinal.aop.Invocation.invoke(Invocation.java:91)
	at com.xlerp.common.DemoConfig$CorsInterceptor.intercept(DemoConfig.java:144)
	at com.jfinal.aop.Invocation.invoke(Invocation.java:91)
	at com.jfinal.core.ActionHandler.handle(ActionHandler.java:88)
	at com.jfinal.core.JFinalFilter.doFilter(JFinalFilter.java:90)
	at io.undertow.servlet.core.ManagedFilter.doFilter(ManagedFilter.java:61)
	at io.undertow.servlet.handlers.FilterHandler$FilterChainImpl.doFilter(FilterHandler.java:131)
	at io.undertow.servlet.handlers.FilterHandler.handleRequest(FilterHandler.java:84)
	at io.undertow.servlet.handlers.security.ServletSecurityRoleHandler.handleRequest(ServletSecurityRoleHandler.java:62)
	at io.undertow.servlet.handlers.ServletChain$1.handleRequest(ServletChain.java:68)
	at io.undertow.servlet.handlers.ServletDispatchingHandler.handleRequest(ServletDispatchingHandler.java:36)
	at io.undertow.servlet.handlers.RedirectDirHandler.handleRequest(RedirectDirHandler.java:68)
	at io.undertow.servlet.handlers.security.SSLInformationAssociationHandler.handleRequest(SSLInformationAssociationHandler.java:117)
	at io.undertow.servlet.handlers.security.ServletAuthenticationCallHandler.handleRequest(ServletAuthenticationCallHandler.java:57)
	at io.undertow.server.handlers.PredicateHandler.handleRequest(PredicateHandler.java:43)
	at io.undertow.security.handlers.AbstractConfidentialityHandler.handleRequest(AbstractConfidentialityHandler.java:46)
	at io.undertow.servlet.handlers.security.ServletConfidentialityConstraintHandler.handleRequest(ServletConfidentialityConstraintHandler.java:64)
	at io.undertow.security.handlers.AuthenticationMechanismsHandler.handleRequest(AuthenticationMechanismsHandler.java:60)
	at io.undertow.servlet.handlers.security.CachedAuthenticatedSessionHandler.handleRequest(CachedAuthenticatedSessionHandler.java:77)
	at io.undertow.security.handlers.AbstractSecurityContextAssociationHandler.handleRequest(AbstractSecurityContextAssociationHandler.java:43)
	at io.undertow.server.handlers.PredicateHandler.handleRequest(PredicateHandler.java:43)
	at io.undertow.servlet.handlers.SendErrorPageHandler.handleRequest(SendErrorPageHandler.java:52)
	at io.undertow.server.handlers.PredicateHandler.handleRequest(PredicateHandler.java:43)
	at io.undertow.servlet.handlers.SessionRestoringHandler.handleRequest(SessionRestoringHandler.java:119)
	at io.undertow.servlet.handlers.ServletInitialHandler.handleFirstRequest(ServletInitialHandler.java:275)
	at io.undertow.servlet.handlers.ServletInitialHandler.access$100(ServletInitialHandler.java:79)
	at io.undertow.servlet.handlers.ServletInitialHandler$2.call(ServletInitialHandler.java:134)
	at io.undertow.servlet.handlers.ServletInitialHandler$2.call(ServletInitialHandler.java:131)
	at io.undertow.servlet.core.ServletRequestContextThreadSetupAction$1.call(ServletRequestContextThreadSetupAction.java:48)
	at io.undertow.servlet.core.ContextClassLoaderSetupAction$1.call(ContextClassLoaderSetupAction.java:43)
	at io.undertow.servlet.handlers.ServletInitialHandler.dispatchRequest(ServletInitialHandler.java:255)
	at io.undertow.servlet.handlers.ServletInitialHandler.access$000(ServletInitialHandler.java:79)
	at io.undertow.servlet.handlers.ServletInitialHandler$1.handleRequest(ServletInitialHandler.java:100)
	at io.undertow.server.Connectors.executeRootHandler(Connectors.java:387)
	at io.undertow.server.HttpServerExchange$1.run(HttpServerExchange.java:852)
	at org.jboss.threads.ContextClassLoaderSavingRunnable.run(ContextClassLoaderSavingRunnable.java:35)
	at org.jboss.threads.EnhancedQueueExecutor.safeRun(EnhancedQueueExecutor.java:2019)
	at org.jboss.threads.EnhancedQueueExecutor$ThreadBody.doRunTask(EnhancedQueueExecutor.java:1558)
	at org.jboss.threads.EnhancedQueueExecutor$ThreadBody.run(EnhancedQueueExecutor.java:1423)
	at org.xnio.XnioWorker$WorkerThreadFactory$1$1.run(XnioWorker.java:1280)
	at java.base/java.lang.Thread.run(Thread.java:833)
Caused by: com.mysql.jdbc.exceptions.jdbc4.MySQLSyntaxErrorException: Unknown column 'c.nameo.descr' in 'field list'
	at java.base/jdk.internal.reflect.NativeConstructorAccessorImpl.newInstance0(Native Method)
	at java.base/jdk.internal.reflect.NativeConstructorAccessorImpl.newInstance(NativeConstructorAccessorImpl.java:77)
	at java.base/jdk.internal.reflect.DelegatingConstructorAccessorImpl.newInstance(DelegatingConstructorAccessorImpl.java:45)
	at java.base/java.lang.reflect.Constructor.newInstanceWithCaller(Constructor.java:499)
	at java.base/java.lang.reflect.Constructor.newInstance(Constructor.java:480)
	at com.mysql.jdbc.Util.handleNewInstance(Util.java:403)
	at com.mysql.jdbc.Util.getInstance(Util.java:386)
	at com.mysql.jdbc.SQLError.createSQLException(SQLError.java:944)
	at com.mysql.jdbc.MysqlIO.checkErrorPacket(MysqlIO.java:3933)
	at com.mysql.jdbc.MysqlIO.checkErrorPacket(MysqlIO.java:3869)
	at com.mysql.jdbc.MysqlIO.sendCommand(MysqlIO.java:2524)
	at com.mysql.jdbc.MysqlIO.sqlQueryDirect(MysqlIO.java:2675)
	at com.mysql.jdbc.ConnectionImpl.execSQL(ConnectionImpl.java:2465)
	at com.mysql.jdbc.PreparedStatement.executeInternal(PreparedStatement.java:1915)
	at com.mysql.jdbc.PreparedStatement.executeQuery(PreparedStatement.java:2023)
	at com.alibaba.druid.filter.FilterChainImpl.preparedStatement_executeQuery(FilterChainImpl.java:2714)
	at com.alibaba.druid.filter.FilterAdapter.preparedStatement_executeQuery(FilterAdapter.java:1064)
	at com.alibaba.druid.filter.FilterChainImpl.preparedStatement_executeQuery(FilterChainImpl.java:2711)
	at com.alibaba.druid.proxy.jdbc.PreparedStatementProxyImpl.executeQuery(PreparedStatementProxyImpl.java:145)
	at com.alibaba.druid.pool.DruidPooledPreparedStatement.executeQuery(DruidPooledPreparedStatement.java:227)
	at com.jfinal.plugin.activerecord.DbPro.find(DbPro.java:384)
	at com.jfinal.plugin.activerecord.DbPro.doPaginateByFullSql(DbPro.java:649)
	at com.jfinal.plugin.activerecord.DbPro.doPaginate(DbPro.java:606)
	... 51 more

2025-05-23 13:14:45
[ERROR]-[Thread: XNIO-1 task-2]-[com.jfinal.core.ActionHandler.handle()]: com.xlerp.api.Contract.Controller.BasContractController.getContractList() : /bascontract/getContractList?contractNo=1100750&term=
com.jfinal.plugin.activerecord.ActiveRecordException: com.mysql.jdbc.exceptions.jdbc4.MySQLSyntaxErrorException: Unknown column 'c.nameo.descr' in 'field list'
	at com.jfinal.plugin.activerecord.DbPro.doPaginate(DbPro.java:608)
	at com.jfinal.plugin.activerecord.DbPro.paginate(DbPro.java:585)
	at com.jfinal.plugin.activerecord.Db.paginate(Db.java:450)
	at com.xlerp.api.Contract.Service.BasContractService.getContractList(BasContractService.java:73)
	at com.xlerp.api.Contract.Controller.BasContractController.getContractList(BasContractController.java:41)
	at java.base/jdk.internal.reflect.NativeMethodAccessorImpl.invoke0(Native Method)
	at java.base/jdk.internal.reflect.NativeMethodAccessorImpl.invoke(NativeMethodAccessorImpl.java:77)
	at java.base/jdk.internal.reflect.DelegatingMethodAccessorImpl.invoke(DelegatingMethodAccessorImpl.java:43)
	at java.base/java.lang.reflect.Method.invoke(Method.java:568)
	at com.jfinal.aop.Invocation.invoke(Invocation.java:97)
	at com.xlerp.api.Common.HttpMethodInterceptor.intercept(HttpMethodInterceptor.java:36)
	at com.jfinal.aop.Invocation.invoke(Invocation.java:91)
	at com.xlerp.common.DemoConfig$CorsInterceptor.intercept(DemoConfig.java:144)
	at com.jfinal.aop.Invocation.invoke(Invocation.java:91)
	at com.jfinal.core.ActionHandler.handle(ActionHandler.java:88)
	at com.jfinal.core.JFinalFilter.doFilter(JFinalFilter.java:90)
	at io.undertow.servlet.core.ManagedFilter.doFilter(ManagedFilter.java:61)
	at io.undertow.servlet.handlers.FilterHandler$FilterChainImpl.doFilter(FilterHandler.java:131)
	at io.undertow.servlet.handlers.FilterHandler.handleRequest(FilterHandler.java:84)
	at io.undertow.servlet.handlers.security.ServletSecurityRoleHandler.handleRequest(ServletSecurityRoleHandler.java:62)
	at io.undertow.servlet.handlers.ServletChain$1.handleRequest(ServletChain.java:68)
	at io.undertow.servlet.handlers.ServletDispatchingHandler.handleRequest(ServletDispatchingHandler.java:36)
	at io.undertow.servlet.handlers.RedirectDirHandler.handleRequest(RedirectDirHandler.java:68)
	at io.undertow.servlet.handlers.security.SSLInformationAssociationHandler.handleRequest(SSLInformationAssociationHandler.java:117)
	at io.undertow.servlet.handlers.security.ServletAuthenticationCallHandler.handleRequest(ServletAuthenticationCallHandler.java:57)
	at io.undertow.server.handlers.PredicateHandler.handleRequest(PredicateHandler.java:43)
	at io.undertow.security.handlers.AbstractConfidentialityHandler.handleRequest(AbstractConfidentialityHandler.java:46)
	at io.undertow.servlet.handlers.security.ServletConfidentialityConstraintHandler.handleRequest(ServletConfidentialityConstraintHandler.java:64)
	at io.undertow.security.handlers.AuthenticationMechanismsHandler.handleRequest(AuthenticationMechanismsHandler.java:60)
	at io.undertow.servlet.handlers.security.CachedAuthenticatedSessionHandler.handleRequest(CachedAuthenticatedSessionHandler.java:77)
	at io.undertow.security.handlers.AbstractSecurityContextAssociationHandler.handleRequest(AbstractSecurityContextAssociationHandler.java:43)
	at io.undertow.server.handlers.PredicateHandler.handleRequest(PredicateHandler.java:43)
	at io.undertow.servlet.handlers.SendErrorPageHandler.handleRequest(SendErrorPageHandler.java:52)
	at io.undertow.server.handlers.PredicateHandler.handleRequest(PredicateHandler.java:43)
	at io.undertow.servlet.handlers.SessionRestoringHandler.handleRequest(SessionRestoringHandler.java:119)
	at io.undertow.servlet.handlers.ServletInitialHandler.handleFirstRequest(ServletInitialHandler.java:275)
	at io.undertow.servlet.handlers.ServletInitialHandler.access$100(ServletInitialHandler.java:79)
	at io.undertow.servlet.handlers.ServletInitialHandler$2.call(ServletInitialHandler.java:134)
	at io.undertow.servlet.handlers.ServletInitialHandler$2.call(ServletInitialHandler.java:131)
	at io.undertow.servlet.core.ServletRequestContextThreadSetupAction$1.call(ServletRequestContextThreadSetupAction.java:48)
	at io.undertow.servlet.core.ContextClassLoaderSetupAction$1.call(ContextClassLoaderSetupAction.java:43)
	at io.undertow.servlet.handlers.ServletInitialHandler.dispatchRequest(ServletInitialHandler.java:255)
	at io.undertow.servlet.handlers.ServletInitialHandler.access$000(ServletInitialHandler.java:79)
	at io.undertow.servlet.handlers.ServletInitialHandler$1.handleRequest(ServletInitialHandler.java:100)
	at io.undertow.server.Connectors.executeRootHandler(Connectors.java:387)
	at io.undertow.server.HttpServerExchange$1.run(HttpServerExchange.java:852)
	at org.jboss.threads.ContextClassLoaderSavingRunnable.run(ContextClassLoaderSavingRunnable.java:35)
	at org.jboss.threads.EnhancedQueueExecutor.safeRun(EnhancedQueueExecutor.java:2019)
	at org.jboss.threads.EnhancedQueueExecutor$ThreadBody.doRunTask(EnhancedQueueExecutor.java:1558)
	at org.jboss.threads.EnhancedQueueExecutor$ThreadBody.run(EnhancedQueueExecutor.java:1449)
	at org.xnio.XnioWorker$WorkerThreadFactory$1$1.run(XnioWorker.java:1280)
	at java.base/java.lang.Thread.run(Thread.java:833)
Caused by: com.mysql.jdbc.exceptions.jdbc4.MySQLSyntaxErrorException: Unknown column 'c.nameo.descr' in 'field list'
	at java.base/jdk.internal.reflect.NativeConstructorAccessorImpl.newInstance0(Native Method)
	at java.base/jdk.internal.reflect.NativeConstructorAccessorImpl.newInstance(NativeConstructorAccessorImpl.java:77)
	at java.base/jdk.internal.reflect.DelegatingConstructorAccessorImpl.newInstance(DelegatingConstructorAccessorImpl.java:45)
	at java.base/java.lang.reflect.Constructor.newInstanceWithCaller(Constructor.java:499)
	at java.base/java.lang.reflect.Constructor.newInstance(Constructor.java:480)
	at com.mysql.jdbc.Util.handleNewInstance(Util.java:403)
	at com.mysql.jdbc.Util.getInstance(Util.java:386)
	at com.mysql.jdbc.SQLError.createSQLException(SQLError.java:944)
	at com.mysql.jdbc.MysqlIO.checkErrorPacket(MysqlIO.java:3933)
	at com.mysql.jdbc.MysqlIO.checkErrorPacket(MysqlIO.java:3869)
	at com.mysql.jdbc.MysqlIO.sendCommand(MysqlIO.java:2524)
	at com.mysql.jdbc.MysqlIO.sqlQueryDirect(MysqlIO.java:2675)
	at com.mysql.jdbc.ConnectionImpl.execSQL(ConnectionImpl.java:2465)
	at com.mysql.jdbc.PreparedStatement.executeInternal(PreparedStatement.java:1915)
	at com.mysql.jdbc.PreparedStatement.executeQuery(PreparedStatement.java:2023)
	at com.alibaba.druid.filter.FilterChainImpl.preparedStatement_executeQuery(FilterChainImpl.java:2714)
	at com.alibaba.druid.filter.FilterAdapter.preparedStatement_executeQuery(FilterAdapter.java:1064)
	at com.alibaba.druid.filter.FilterChainImpl.preparedStatement_executeQuery(FilterChainImpl.java:2711)
	at com.alibaba.druid.proxy.jdbc.PreparedStatementProxyImpl.executeQuery(PreparedStatementProxyImpl.java:145)
	at com.alibaba.druid.pool.DruidPooledPreparedStatement.executeQuery(DruidPooledPreparedStatement.java:227)
	at com.jfinal.plugin.activerecord.DbPro.find(DbPro.java:384)
	at com.jfinal.plugin.activerecord.DbPro.doPaginateByFullSql(DbPro.java:649)
	at com.jfinal.plugin.activerecord.DbPro.doPaginate(DbPro.java:606)
	... 51 more

2025-05-23 13:14:48
[ERROR]-[Thread: XNIO-1 task-2]-[com.jfinal.core.ActionHandler.handle()]: com.xlerp.api.Contract.Controller.BasContractController.getContractList() : /bascontract/getContractList?contractNo=&term=
com.jfinal.plugin.activerecord.ActiveRecordException: com.mysql.jdbc.exceptions.jdbc4.MySQLSyntaxErrorException: Unknown column 'c.nameo.descr' in 'field list'
	at com.jfinal.plugin.activerecord.DbPro.doPaginate(DbPro.java:608)
	at com.jfinal.plugin.activerecord.DbPro.paginate(DbPro.java:585)
	at com.jfinal.plugin.activerecord.Db.paginate(Db.java:450)
	at com.xlerp.api.Contract.Service.BasContractService.getContractList(BasContractService.java:73)
	at com.xlerp.api.Contract.Controller.BasContractController.getContractList(BasContractController.java:41)
	at java.base/jdk.internal.reflect.NativeMethodAccessorImpl.invoke0(Native Method)
	at java.base/jdk.internal.reflect.NativeMethodAccessorImpl.invoke(NativeMethodAccessorImpl.java:77)
	at java.base/jdk.internal.reflect.DelegatingMethodAccessorImpl.invoke(DelegatingMethodAccessorImpl.java:43)
	at java.base/java.lang.reflect.Method.invoke(Method.java:568)
	at com.jfinal.aop.Invocation.invoke(Invocation.java:97)
	at com.xlerp.api.Common.HttpMethodInterceptor.intercept(HttpMethodInterceptor.java:36)
	at com.jfinal.aop.Invocation.invoke(Invocation.java:91)
	at com.xlerp.common.DemoConfig$CorsInterceptor.intercept(DemoConfig.java:144)
	at com.jfinal.aop.Invocation.invoke(Invocation.java:91)
	at com.jfinal.core.ActionHandler.handle(ActionHandler.java:88)
	at com.jfinal.core.JFinalFilter.doFilter(JFinalFilter.java:90)
	at io.undertow.servlet.core.ManagedFilter.doFilter(ManagedFilter.java:61)
	at io.undertow.servlet.handlers.FilterHandler$FilterChainImpl.doFilter(FilterHandler.java:131)
	at io.undertow.servlet.handlers.FilterHandler.handleRequest(FilterHandler.java:84)
	at io.undertow.servlet.handlers.security.ServletSecurityRoleHandler.handleRequest(ServletSecurityRoleHandler.java:62)
	at io.undertow.servlet.handlers.ServletChain$1.handleRequest(ServletChain.java:68)
	at io.undertow.servlet.handlers.ServletDispatchingHandler.handleRequest(ServletDispatchingHandler.java:36)
	at io.undertow.servlet.handlers.RedirectDirHandler.handleRequest(RedirectDirHandler.java:68)
	at io.undertow.servlet.handlers.security.SSLInformationAssociationHandler.handleRequest(SSLInformationAssociationHandler.java:117)
	at io.undertow.servlet.handlers.security.ServletAuthenticationCallHandler.handleRequest(ServletAuthenticationCallHandler.java:57)
	at io.undertow.server.handlers.PredicateHandler.handleRequest(PredicateHandler.java:43)
	at io.undertow.security.handlers.AbstractConfidentialityHandler.handleRequest(AbstractConfidentialityHandler.java:46)
	at io.undertow.servlet.handlers.security.ServletConfidentialityConstraintHandler.handleRequest(ServletConfidentialityConstraintHandler.java:64)
	at io.undertow.security.handlers.AuthenticationMechanismsHandler.handleRequest(AuthenticationMechanismsHandler.java:60)
	at io.undertow.servlet.handlers.security.CachedAuthenticatedSessionHandler.handleRequest(CachedAuthenticatedSessionHandler.java:77)
	at io.undertow.security.handlers.AbstractSecurityContextAssociationHandler.handleRequest(AbstractSecurityContextAssociationHandler.java:43)
	at io.undertow.server.handlers.PredicateHandler.handleRequest(PredicateHandler.java:43)
	at io.undertow.servlet.handlers.SendErrorPageHandler.handleRequest(SendErrorPageHandler.java:52)
	at io.undertow.server.handlers.PredicateHandler.handleRequest(PredicateHandler.java:43)
	at io.undertow.servlet.handlers.SessionRestoringHandler.handleRequest(SessionRestoringHandler.java:119)
	at io.undertow.servlet.handlers.ServletInitialHandler.handleFirstRequest(ServletInitialHandler.java:275)
	at io.undertow.servlet.handlers.ServletInitialHandler.access$100(ServletInitialHandler.java:79)
	at io.undertow.servlet.handlers.ServletInitialHandler$2.call(ServletInitialHandler.java:134)
	at io.undertow.servlet.handlers.ServletInitialHandler$2.call(ServletInitialHandler.java:131)
	at io.undertow.servlet.core.ServletRequestContextThreadSetupAction$1.call(ServletRequestContextThreadSetupAction.java:48)
	at io.undertow.servlet.core.ContextClassLoaderSetupAction$1.call(ContextClassLoaderSetupAction.java:43)
	at io.undertow.servlet.handlers.ServletInitialHandler.dispatchRequest(ServletInitialHandler.java:255)
	at io.undertow.servlet.handlers.ServletInitialHandler.access$000(ServletInitialHandler.java:79)
	at io.undertow.servlet.handlers.ServletInitialHandler$1.handleRequest(ServletInitialHandler.java:100)
	at io.undertow.server.Connectors.executeRootHandler(Connectors.java:387)
	at io.undertow.server.HttpServerExchange$1.run(HttpServerExchange.java:852)
	at org.jboss.threads.ContextClassLoaderSavingRunnable.run(ContextClassLoaderSavingRunnable.java:35)
	at org.jboss.threads.EnhancedQueueExecutor.safeRun(EnhancedQueueExecutor.java:2019)
	at org.jboss.threads.EnhancedQueueExecutor$ThreadBody.doRunTask(EnhancedQueueExecutor.java:1558)
	at org.jboss.threads.EnhancedQueueExecutor$ThreadBody.run(EnhancedQueueExecutor.java:1449)
	at org.xnio.XnioWorker$WorkerThreadFactory$1$1.run(XnioWorker.java:1280)
	at java.base/java.lang.Thread.run(Thread.java:833)
Caused by: com.mysql.jdbc.exceptions.jdbc4.MySQLSyntaxErrorException: Unknown column 'c.nameo.descr' in 'field list'
	at java.base/jdk.internal.reflect.NativeConstructorAccessorImpl.newInstance0(Native Method)
	at java.base/jdk.internal.reflect.NativeConstructorAccessorImpl.newInstance(NativeConstructorAccessorImpl.java:77)
	at java.base/jdk.internal.reflect.DelegatingConstructorAccessorImpl.newInstance(DelegatingConstructorAccessorImpl.java:45)
	at java.base/java.lang.reflect.Constructor.newInstanceWithCaller(Constructor.java:499)
	at java.base/java.lang.reflect.Constructor.newInstance(Constructor.java:480)
	at com.mysql.jdbc.Util.handleNewInstance(Util.java:403)
	at com.mysql.jdbc.Util.getInstance(Util.java:386)
	at com.mysql.jdbc.SQLError.createSQLException(SQLError.java:944)
	at com.mysql.jdbc.MysqlIO.checkErrorPacket(MysqlIO.java:3933)
	at com.mysql.jdbc.MysqlIO.checkErrorPacket(MysqlIO.java:3869)
	at com.mysql.jdbc.MysqlIO.sendCommand(MysqlIO.java:2524)
	at com.mysql.jdbc.MysqlIO.sqlQueryDirect(MysqlIO.java:2675)
	at com.mysql.jdbc.ConnectionImpl.execSQL(ConnectionImpl.java:2465)
	at com.mysql.jdbc.PreparedStatement.executeInternal(PreparedStatement.java:1915)
	at com.mysql.jdbc.PreparedStatement.executeQuery(PreparedStatement.java:2023)
	at com.alibaba.druid.filter.FilterChainImpl.preparedStatement_executeQuery(FilterChainImpl.java:2714)
	at com.alibaba.druid.filter.FilterAdapter.preparedStatement_executeQuery(FilterAdapter.java:1064)
	at com.alibaba.druid.filter.FilterChainImpl.preparedStatement_executeQuery(FilterChainImpl.java:2711)
	at com.alibaba.druid.proxy.jdbc.PreparedStatementProxyImpl.executeQuery(PreparedStatementProxyImpl.java:145)
	at com.alibaba.druid.pool.DruidPooledPreparedStatement.executeQuery(DruidPooledPreparedStatement.java:227)
	at com.jfinal.plugin.activerecord.DbPro.find(DbPro.java:384)
	at com.jfinal.plugin.activerecord.DbPro.doPaginateByFullSql(DbPro.java:649)
	at com.jfinal.plugin.activerecord.DbPro.doPaginate(DbPro.java:606)
	... 51 more

2025-05-23 13:15:08
[ERROR]-[Thread: XNIO-1 task-2]-[com.jfinal.core.ActionHandler.handle()]: com.xlerp.api.Contract.Controller.BasContractController.getContractList() : /bascontract/getContractList?pageNumber=1&pageSize=10
com.jfinal.plugin.activerecord.ActiveRecordException: com.mysql.jdbc.exceptions.jdbc4.MySQLSyntaxErrorException: Unknown column 'c.itemsum' in 'field list'
	at com.jfinal.plugin.activerecord.DbPro.doPaginate(DbPro.java:608)
	at com.jfinal.plugin.activerecord.DbPro.paginate(DbPro.java:585)
	at com.jfinal.plugin.activerecord.Db.paginate(Db.java:450)
	at com.xlerp.api.Contract.Service.BasContractService.getContractList(BasContractService.java:73)
	at com.xlerp.api.Contract.Controller.BasContractController.getContractList(BasContractController.java:41)
	at java.base/jdk.internal.reflect.NativeMethodAccessorImpl.invoke0(Native Method)
	at java.base/jdk.internal.reflect.NativeMethodAccessorImpl.invoke(NativeMethodAccessorImpl.java:77)
	at java.base/jdk.internal.reflect.DelegatingMethodAccessorImpl.invoke(DelegatingMethodAccessorImpl.java:43)
	at java.base/java.lang.reflect.Method.invoke(Method.java:568)
	at com.jfinal.aop.Invocation.invoke(Invocation.java:97)
	at com.xlerp.api.Common.HttpMethodInterceptor.intercept(HttpMethodInterceptor.java:36)
	at com.jfinal.aop.Invocation.invoke(Invocation.java:91)
	at com.xlerp.common.DemoConfig$CorsInterceptor.intercept(DemoConfig.java:144)
	at com.jfinal.aop.Invocation.invoke(Invocation.java:91)
	at com.jfinal.core.ActionHandler.handle(ActionHandler.java:88)
	at com.jfinal.core.JFinalFilter.doFilter(JFinalFilter.java:90)
	at io.undertow.servlet.core.ManagedFilter.doFilter(ManagedFilter.java:61)
	at io.undertow.servlet.handlers.FilterHandler$FilterChainImpl.doFilter(FilterHandler.java:131)
	at io.undertow.servlet.handlers.FilterHandler.handleRequest(FilterHandler.java:84)
	at io.undertow.servlet.handlers.security.ServletSecurityRoleHandler.handleRequest(ServletSecurityRoleHandler.java:62)
	at io.undertow.servlet.handlers.ServletChain$1.handleRequest(ServletChain.java:68)
	at io.undertow.servlet.handlers.ServletDispatchingHandler.handleRequest(ServletDispatchingHandler.java:36)
	at io.undertow.servlet.handlers.RedirectDirHandler.handleRequest(RedirectDirHandler.java:68)
	at io.undertow.servlet.handlers.security.SSLInformationAssociationHandler.handleRequest(SSLInformationAssociationHandler.java:117)
	at io.undertow.servlet.handlers.security.ServletAuthenticationCallHandler.handleRequest(ServletAuthenticationCallHandler.java:57)
	at io.undertow.server.handlers.PredicateHandler.handleRequest(PredicateHandler.java:43)
	at io.undertow.security.handlers.AbstractConfidentialityHandler.handleRequest(AbstractConfidentialityHandler.java:46)
	at io.undertow.servlet.handlers.security.ServletConfidentialityConstraintHandler.handleRequest(ServletConfidentialityConstraintHandler.java:64)
	at io.undertow.security.handlers.AuthenticationMechanismsHandler.handleRequest(AuthenticationMechanismsHandler.java:60)
	at io.undertow.servlet.handlers.security.CachedAuthenticatedSessionHandler.handleRequest(CachedAuthenticatedSessionHandler.java:77)
	at io.undertow.security.handlers.AbstractSecurityContextAssociationHandler.handleRequest(AbstractSecurityContextAssociationHandler.java:43)
	at io.undertow.server.handlers.PredicateHandler.handleRequest(PredicateHandler.java:43)
	at io.undertow.servlet.handlers.SendErrorPageHandler.handleRequest(SendErrorPageHandler.java:52)
	at io.undertow.server.handlers.PredicateHandler.handleRequest(PredicateHandler.java:43)
	at io.undertow.servlet.handlers.SessionRestoringHandler.handleRequest(SessionRestoringHandler.java:119)
	at io.undertow.servlet.handlers.ServletInitialHandler.handleFirstRequest(ServletInitialHandler.java:275)
	at io.undertow.servlet.handlers.ServletInitialHandler.access$100(ServletInitialHandler.java:79)
	at io.undertow.servlet.handlers.ServletInitialHandler$2.call(ServletInitialHandler.java:134)
	at io.undertow.servlet.handlers.ServletInitialHandler$2.call(ServletInitialHandler.java:131)
	at io.undertow.servlet.core.ServletRequestContextThreadSetupAction$1.call(ServletRequestContextThreadSetupAction.java:48)
	at io.undertow.servlet.core.ContextClassLoaderSetupAction$1.call(ContextClassLoaderSetupAction.java:43)
	at io.undertow.servlet.handlers.ServletInitialHandler.dispatchRequest(ServletInitialHandler.java:255)
	at io.undertow.servlet.handlers.ServletInitialHandler.access$000(ServletInitialHandler.java:79)
	at io.undertow.servlet.handlers.ServletInitialHandler$1.handleRequest(ServletInitialHandler.java:100)
	at io.undertow.server.Connectors.executeRootHandler(Connectors.java:387)
	at io.undertow.server.HttpServerExchange$1.run(HttpServerExchange.java:852)
	at org.jboss.threads.ContextClassLoaderSavingRunnable.run(ContextClassLoaderSavingRunnable.java:35)
	at org.jboss.threads.EnhancedQueueExecutor.safeRun(EnhancedQueueExecutor.java:2019)
	at org.jboss.threads.EnhancedQueueExecutor$ThreadBody.doRunTask(EnhancedQueueExecutor.java:1558)
	at org.jboss.threads.EnhancedQueueExecutor$ThreadBody.run(EnhancedQueueExecutor.java:1423)
	at org.xnio.XnioWorker$WorkerThreadFactory$1$1.run(XnioWorker.java:1280)
	at java.base/java.lang.Thread.run(Thread.java:833)
Caused by: com.mysql.jdbc.exceptions.jdbc4.MySQLSyntaxErrorException: Unknown column 'c.itemsum' in 'field list'
	at java.base/jdk.internal.reflect.NativeConstructorAccessorImpl.newInstance0(Native Method)
	at java.base/jdk.internal.reflect.NativeConstructorAccessorImpl.newInstance(NativeConstructorAccessorImpl.java:77)
	at java.base/jdk.internal.reflect.DelegatingConstructorAccessorImpl.newInstance(DelegatingConstructorAccessorImpl.java:45)
	at java.base/java.lang.reflect.Constructor.newInstanceWithCaller(Constructor.java:499)
	at java.base/java.lang.reflect.Constructor.newInstance(Constructor.java:480)
	at com.mysql.jdbc.Util.handleNewInstance(Util.java:403)
	at com.mysql.jdbc.Util.getInstance(Util.java:386)
	at com.mysql.jdbc.SQLError.createSQLException(SQLError.java:944)
	at com.mysql.jdbc.MysqlIO.checkErrorPacket(MysqlIO.java:3933)
	at com.mysql.jdbc.MysqlIO.checkErrorPacket(MysqlIO.java:3869)
	at com.mysql.jdbc.MysqlIO.sendCommand(MysqlIO.java:2524)
	at com.mysql.jdbc.MysqlIO.sqlQueryDirect(MysqlIO.java:2675)
	at com.mysql.jdbc.ConnectionImpl.execSQL(ConnectionImpl.java:2465)
	at com.mysql.jdbc.PreparedStatement.executeInternal(PreparedStatement.java:1915)
	at com.mysql.jdbc.PreparedStatement.executeQuery(PreparedStatement.java:2023)
	at com.alibaba.druid.filter.FilterChainImpl.preparedStatement_executeQuery(FilterChainImpl.java:2714)
	at com.alibaba.druid.filter.FilterAdapter.preparedStatement_executeQuery(FilterAdapter.java:1064)
	at com.alibaba.druid.filter.FilterChainImpl.preparedStatement_executeQuery(FilterChainImpl.java:2711)
	at com.alibaba.druid.proxy.jdbc.PreparedStatementProxyImpl.executeQuery(PreparedStatementProxyImpl.java:145)
	at com.alibaba.druid.pool.DruidPooledPreparedStatement.executeQuery(DruidPooledPreparedStatement.java:227)
	at com.jfinal.plugin.activerecord.DbPro.find(DbPro.java:384)
	at com.jfinal.plugin.activerecord.DbPro.doPaginateByFullSql(DbPro.java:649)
	at com.jfinal.plugin.activerecord.DbPro.doPaginate(DbPro.java:606)
	... 51 more

2025-05-23 14:04:44
[ERROR]-[Thread: XNIO-1 task-2]-[com.jfinal.core.ActionHandler.handle()]: com.xlerp.api.System.Controller.BasOrgController.getpage() : /basorg/getpage?pageNumber=1&pageSize=10&no=&descr=%E9%9E%8D%E5%B1%B1
com.jfinal.plugin.activerecord.ActiveRecordException: com.mysql.jdbc.exceptions.jdbc4.MySQLSyntaxErrorException: Unknown column 'name' in 'where clause'
	at com.jfinal.plugin.activerecord.Model.doPaginate(Model.java:511)
	at com.jfinal.plugin.activerecord.Model.paginate(Model.java:480)
	at com.xlerp.api.System.Service.BasOrgService.paginate(BasOrgService.java:34)
	at com.xlerp.api.System.Controller.BasOrgController.getpage(BasOrgController.java:36)
	at java.base/jdk.internal.reflect.NativeMethodAccessorImpl.invoke0(Native Method)
	at java.base/jdk.internal.reflect.NativeMethodAccessorImpl.invoke(NativeMethodAccessorImpl.java:77)
	at java.base/jdk.internal.reflect.DelegatingMethodAccessorImpl.invoke(DelegatingMethodAccessorImpl.java:43)
	at java.base/java.lang.reflect.Method.invoke(Method.java:568)
	at com.jfinal.aop.Invocation.invoke(Invocation.java:97)
	at com.xlerp.api.Common.HttpMethodInterceptor.intercept(HttpMethodInterceptor.java:36)
	at com.jfinal.aop.Invocation.invoke(Invocation.java:91)
	at com.xlerp.common.DemoConfig$CorsInterceptor.intercept(DemoConfig.java:147)
	at com.jfinal.aop.Invocation.invoke(Invocation.java:91)
	at com.jfinal.core.ActionHandler.handle(ActionHandler.java:88)
	at com.jfinal.core.JFinalFilter.doFilter(JFinalFilter.java:90)
	at io.undertow.servlet.core.ManagedFilter.doFilter(ManagedFilter.java:61)
	at io.undertow.servlet.handlers.FilterHandler$FilterChainImpl.doFilter(FilterHandler.java:131)
	at io.undertow.servlet.handlers.FilterHandler.handleRequest(FilterHandler.java:84)
	at io.undertow.servlet.handlers.security.ServletSecurityRoleHandler.handleRequest(ServletSecurityRoleHandler.java:62)
	at io.undertow.servlet.handlers.ServletChain$1.handleRequest(ServletChain.java:68)
	at io.undertow.servlet.handlers.ServletDispatchingHandler.handleRequest(ServletDispatchingHandler.java:36)
	at io.undertow.servlet.handlers.RedirectDirHandler.handleRequest(RedirectDirHandler.java:68)
	at io.undertow.servlet.handlers.security.SSLInformationAssociationHandler.handleRequest(SSLInformationAssociationHandler.java:117)
	at io.undertow.servlet.handlers.security.ServletAuthenticationCallHandler.handleRequest(ServletAuthenticationCallHandler.java:57)
	at io.undertow.server.handlers.PredicateHandler.handleRequest(PredicateHandler.java:43)
	at io.undertow.security.handlers.AbstractConfidentialityHandler.handleRequest(AbstractConfidentialityHandler.java:46)
	at io.undertow.servlet.handlers.security.ServletConfidentialityConstraintHandler.handleRequest(ServletConfidentialityConstraintHandler.java:64)
	at io.undertow.security.handlers.AuthenticationMechanismsHandler.handleRequest(AuthenticationMechanismsHandler.java:60)
	at io.undertow.servlet.handlers.security.CachedAuthenticatedSessionHandler.handleRequest(CachedAuthenticatedSessionHandler.java:77)
	at io.undertow.security.handlers.AbstractSecurityContextAssociationHandler.handleRequest(AbstractSecurityContextAssociationHandler.java:43)
	at io.undertow.server.handlers.PredicateHandler.handleRequest(PredicateHandler.java:43)
	at io.undertow.servlet.handlers.SendErrorPageHandler.handleRequest(SendErrorPageHandler.java:52)
	at io.undertow.server.handlers.PredicateHandler.handleRequest(PredicateHandler.java:43)
	at io.undertow.servlet.handlers.SessionRestoringHandler.handleRequest(SessionRestoringHandler.java:119)
	at io.undertow.servlet.handlers.ServletInitialHandler.handleFirstRequest(ServletInitialHandler.java:275)
	at io.undertow.servlet.handlers.ServletInitialHandler.access$100(ServletInitialHandler.java:79)
	at io.undertow.servlet.handlers.ServletInitialHandler$2.call(ServletInitialHandler.java:134)
	at io.undertow.servlet.handlers.ServletInitialHandler$2.call(ServletInitialHandler.java:131)
	at io.undertow.servlet.core.ServletRequestContextThreadSetupAction$1.call(ServletRequestContextThreadSetupAction.java:48)
	at io.undertow.servlet.core.ContextClassLoaderSetupAction$1.call(ContextClassLoaderSetupAction.java:43)
	at io.undertow.servlet.handlers.ServletInitialHandler.dispatchRequest(ServletInitialHandler.java:255)
	at io.undertow.servlet.handlers.ServletInitialHandler.access$000(ServletInitialHandler.java:79)
	at io.undertow.servlet.handlers.ServletInitialHandler$1.handleRequest(ServletInitialHandler.java:100)
	at io.undertow.server.Connectors.executeRootHandler(Connectors.java:387)
	at io.undertow.server.HttpServerExchange$1.run(HttpServerExchange.java:852)
	at org.jboss.threads.ContextClassLoaderSavingRunnable.run(ContextClassLoaderSavingRunnable.java:35)
	at org.jboss.threads.EnhancedQueueExecutor.safeRun(EnhancedQueueExecutor.java:2019)
	at org.jboss.threads.EnhancedQueueExecutor$ThreadBody.doRunTask(EnhancedQueueExecutor.java:1558)
	at org.jboss.threads.EnhancedQueueExecutor$ThreadBody.run(EnhancedQueueExecutor.java:1449)
	at org.xnio.XnioWorker$WorkerThreadFactory$1$1.run(XnioWorker.java:1280)
	at java.base/java.lang.Thread.run(Thread.java:833)
Caused by: com.mysql.jdbc.exceptions.jdbc4.MySQLSyntaxErrorException: Unknown column 'name' in 'where clause'
	at java.base/jdk.internal.reflect.NativeConstructorAccessorImpl.newInstance0(Native Method)
	at java.base/jdk.internal.reflect.NativeConstructorAccessorImpl.newInstance(NativeConstructorAccessorImpl.java:77)
	at java.base/jdk.internal.reflect.DelegatingConstructorAccessorImpl.newInstance(DelegatingConstructorAccessorImpl.java:45)
	at java.base/java.lang.reflect.Constructor.newInstanceWithCaller(Constructor.java:499)
	at java.base/java.lang.reflect.Constructor.newInstance(Constructor.java:480)
	at com.mysql.jdbc.Util.handleNewInstance(Util.java:403)
	at com.mysql.jdbc.Util.getInstance(Util.java:386)
	at com.mysql.jdbc.SQLError.createSQLException(SQLError.java:944)
	at com.mysql.jdbc.MysqlIO.checkErrorPacket(MysqlIO.java:3933)
	at com.mysql.jdbc.MysqlIO.checkErrorPacket(MysqlIO.java:3869)
	at com.mysql.jdbc.MysqlIO.sendCommand(MysqlIO.java:2524)
	at com.mysql.jdbc.MysqlIO.sqlQueryDirect(MysqlIO.java:2675)
	at com.mysql.jdbc.ConnectionImpl.execSQL(ConnectionImpl.java:2465)
	at com.mysql.jdbc.PreparedStatement.executeInternal(PreparedStatement.java:1915)
	at com.mysql.jdbc.PreparedStatement.executeQuery(PreparedStatement.java:2023)
	at com.alibaba.druid.filter.FilterChainImpl.preparedStatement_executeQuery(FilterChainImpl.java:2714)
	at com.alibaba.druid.filter.FilterAdapter.preparedStatement_executeQuery(FilterAdapter.java:1064)
	at com.alibaba.druid.filter.FilterChainImpl.preparedStatement_executeQuery(FilterChainImpl.java:2711)
	at com.alibaba.druid.proxy.jdbc.PreparedStatementProxyImpl.executeQuery(PreparedStatementProxyImpl.java:145)
	at com.alibaba.druid.pool.DruidPooledPreparedStatement.executeQuery(DruidPooledPreparedStatement.java:227)
	at com.jfinal.plugin.activerecord.DbPro.query(DbPro.java:74)
	at com.jfinal.plugin.activerecord.Db.query(Db.java:75)
	at com.jfinal.plugin.activerecord.Model.doPaginateByFullSql(Model.java:525)
	at com.jfinal.plugin.activerecord.Model.doPaginate(Model.java:509)
	... 50 more

2025-05-23 14:24:39
[ERROR]-[Thread: XNIO-1 task-2]-[com.jfinal.core.ActionHandler.handle()]: com.xlerp.api.Contract.Controller.BasContractController.getContractList() : /bascontract/getContractList?pageNumber=1&pageSize=10
com.jfinal.plugin.activerecord.ActiveRecordException: com.mysql.jdbc.exceptions.jdbc4.MySQLSyntaxErrorException: You have an error in your SQL syntax; check the manual that corresponds to your MySQL server version for the right syntax to use near 'by c.id AND (c.status = 10 OR c.status = 20 OR (c.term = '' AND c.status > 0)) l' at line 1
	at com.jfinal.plugin.activerecord.DbPro.doPaginate(DbPro.java:608)
	at com.jfinal.plugin.activerecord.DbPro.paginate(DbPro.java:585)
	at com.jfinal.plugin.activerecord.Db.paginate(Db.java:450)
	at com.xlerp.api.Contract.Service.BasContractService.getContractList(BasContractService.java:73)
	at com.xlerp.api.Contract.Controller.BasContractController.getContractList(BasContractController.java:43)
	at java.base/jdk.internal.reflect.NativeMethodAccessorImpl.invoke0(Native Method)
	at java.base/jdk.internal.reflect.NativeMethodAccessorImpl.invoke(NativeMethodAccessorImpl.java:77)
	at java.base/jdk.internal.reflect.DelegatingMethodAccessorImpl.invoke(DelegatingMethodAccessorImpl.java:43)
	at java.base/java.lang.reflect.Method.invoke(Method.java:568)
	at com.jfinal.aop.Invocation.invoke(Invocation.java:97)
	at com.xlerp.api.Common.HttpMethodInterceptor.intercept(HttpMethodInterceptor.java:36)
	at com.jfinal.aop.Invocation.invoke(Invocation.java:91)
	at com.xlerp.common.DemoConfig$CorsInterceptor.intercept(DemoConfig.java:147)
	at com.jfinal.aop.Invocation.invoke(Invocation.java:91)
	at com.jfinal.core.ActionHandler.handle(ActionHandler.java:88)
	at com.jfinal.core.JFinalFilter.doFilter(JFinalFilter.java:90)
	at io.undertow.servlet.core.ManagedFilter.doFilter(ManagedFilter.java:61)
	at io.undertow.servlet.handlers.FilterHandler$FilterChainImpl.doFilter(FilterHandler.java:131)
	at io.undertow.servlet.handlers.FilterHandler.handleRequest(FilterHandler.java:84)
	at io.undertow.servlet.handlers.security.ServletSecurityRoleHandler.handleRequest(ServletSecurityRoleHandler.java:62)
	at io.undertow.servlet.handlers.ServletChain$1.handleRequest(ServletChain.java:68)
	at io.undertow.servlet.handlers.ServletDispatchingHandler.handleRequest(ServletDispatchingHandler.java:36)
	at io.undertow.servlet.handlers.RedirectDirHandler.handleRequest(RedirectDirHandler.java:68)
	at io.undertow.servlet.handlers.security.SSLInformationAssociationHandler.handleRequest(SSLInformationAssociationHandler.java:117)
	at io.undertow.servlet.handlers.security.ServletAuthenticationCallHandler.handleRequest(ServletAuthenticationCallHandler.java:57)
	at io.undertow.server.handlers.PredicateHandler.handleRequest(PredicateHandler.java:43)
	at io.undertow.security.handlers.AbstractConfidentialityHandler.handleRequest(AbstractConfidentialityHandler.java:46)
	at io.undertow.servlet.handlers.security.ServletConfidentialityConstraintHandler.handleRequest(ServletConfidentialityConstraintHandler.java:64)
	at io.undertow.security.handlers.AuthenticationMechanismsHandler.handleRequest(AuthenticationMechanismsHandler.java:60)
	at io.undertow.servlet.handlers.security.CachedAuthenticatedSessionHandler.handleRequest(CachedAuthenticatedSessionHandler.java:77)
	at io.undertow.security.handlers.AbstractSecurityContextAssociationHandler.handleRequest(AbstractSecurityContextAssociationHandler.java:43)
	at io.undertow.server.handlers.PredicateHandler.handleRequest(PredicateHandler.java:43)
	at io.undertow.servlet.handlers.SendErrorPageHandler.handleRequest(SendErrorPageHandler.java:52)
	at io.undertow.server.handlers.PredicateHandler.handleRequest(PredicateHandler.java:43)
	at io.undertow.servlet.handlers.SessionRestoringHandler.handleRequest(SessionRestoringHandler.java:119)
	at io.undertow.servlet.handlers.ServletInitialHandler.handleFirstRequest(ServletInitialHandler.java:275)
	at io.undertow.servlet.handlers.ServletInitialHandler.access$100(ServletInitialHandler.java:79)
	at io.undertow.servlet.handlers.ServletInitialHandler$2.call(ServletInitialHandler.java:134)
	at io.undertow.servlet.handlers.ServletInitialHandler$2.call(ServletInitialHandler.java:131)
	at io.undertow.servlet.core.ServletRequestContextThreadSetupAction$1.call(ServletRequestContextThreadSetupAction.java:48)
	at io.undertow.servlet.core.ContextClassLoaderSetupAction$1.call(ContextClassLoaderSetupAction.java:43)
	at io.undertow.servlet.handlers.ServletInitialHandler.dispatchRequest(ServletInitialHandler.java:255)
	at io.undertow.servlet.handlers.ServletInitialHandler.access$000(ServletInitialHandler.java:79)
	at io.undertow.servlet.handlers.ServletInitialHandler$1.handleRequest(ServletInitialHandler.java:100)
	at io.undertow.server.Connectors.executeRootHandler(Connectors.java:387)
	at io.undertow.server.HttpServerExchange$1.run(HttpServerExchange.java:852)
	at org.jboss.threads.ContextClassLoaderSavingRunnable.run(ContextClassLoaderSavingRunnable.java:35)
	at org.jboss.threads.EnhancedQueueExecutor.safeRun(EnhancedQueueExecutor.java:2019)
	at org.jboss.threads.EnhancedQueueExecutor$ThreadBody.doRunTask(EnhancedQueueExecutor.java:1558)
	at org.jboss.threads.EnhancedQueueExecutor$ThreadBody.run(EnhancedQueueExecutor.java:1423)
	at org.xnio.XnioWorker$WorkerThreadFactory$1$1.run(XnioWorker.java:1280)
	at java.base/java.lang.Thread.run(Thread.java:833)
Caused by: com.mysql.jdbc.exceptions.jdbc4.MySQLSyntaxErrorException: You have an error in your SQL syntax; check the manual that corresponds to your MySQL server version for the right syntax to use near 'by c.id AND (c.status = 10 OR c.status = 20 OR (c.term = '' AND c.status > 0)) l' at line 1
	at java.base/jdk.internal.reflect.NativeConstructorAccessorImpl.newInstance0(Native Method)
	at java.base/jdk.internal.reflect.NativeConstructorAccessorImpl.newInstance(NativeConstructorAccessorImpl.java:77)
	at java.base/jdk.internal.reflect.DelegatingConstructorAccessorImpl.newInstance(DelegatingConstructorAccessorImpl.java:45)
	at java.base/java.lang.reflect.Constructor.newInstanceWithCaller(Constructor.java:499)
	at java.base/java.lang.reflect.Constructor.newInstance(Constructor.java:480)
	at com.mysql.jdbc.Util.handleNewInstance(Util.java:403)
	at com.mysql.jdbc.Util.getInstance(Util.java:386)
	at com.mysql.jdbc.SQLError.createSQLException(SQLError.java:944)
	at com.mysql.jdbc.MysqlIO.checkErrorPacket(MysqlIO.java:3933)
	at com.mysql.jdbc.MysqlIO.checkErrorPacket(MysqlIO.java:3869)
	at com.mysql.jdbc.MysqlIO.sendCommand(MysqlIO.java:2524)
	at com.mysql.jdbc.MysqlIO.sqlQueryDirect(MysqlIO.java:2675)
	at com.mysql.jdbc.ConnectionImpl.execSQL(ConnectionImpl.java:2465)
	at com.mysql.jdbc.PreparedStatement.executeInternal(PreparedStatement.java:1915)
	at com.mysql.jdbc.PreparedStatement.executeQuery(PreparedStatement.java:2023)
	at com.alibaba.druid.filter.FilterChainImpl.preparedStatement_executeQuery(FilterChainImpl.java:2714)
	at com.alibaba.druid.filter.FilterAdapter.preparedStatement_executeQuery(FilterAdapter.java:1064)
	at com.alibaba.druid.filter.FilterChainImpl.preparedStatement_executeQuery(FilterChainImpl.java:2711)
	at com.alibaba.druid.proxy.jdbc.PreparedStatementProxyImpl.executeQuery(PreparedStatementProxyImpl.java:145)
	at com.alibaba.druid.pool.DruidPooledPreparedStatement.executeQuery(DruidPooledPreparedStatement.java:227)
	at com.jfinal.plugin.activerecord.DbPro.find(DbPro.java:384)
	at com.jfinal.plugin.activerecord.DbPro.doPaginateByFullSql(DbPro.java:649)
	at com.jfinal.plugin.activerecord.DbPro.doPaginate(DbPro.java:606)
	... 51 more

2025-05-23 22:44:37
[ERROR]-[Thread: XNIO-1 task-1]-[com.jfinal.core.ActionHandler.handle()]: com.xlerp.api.Contract.Controller.BasContractController.getContractList() : /bascontract/getContractList?pageNumber=1&pageSize=10&term=201405&contractNo=11&projectName=
com.jfinal.plugin.activerecord.ActiveRecordException: com.mysql.jdbc.exceptions.jdbc4.MySQLSyntaxErrorException: You have an error in your SQL syntax; check the manual that corresponds to your MySQL server version for the right syntax to use near '.name, o.descr AS customerName, u.name AS salesmanName, bci.contractSum, DATE_FO' at line 1
	at com.jfinal.plugin.activerecord.DbPro.doPaginate(DbPro.java:608)
	at com.jfinal.plugin.activerecord.DbPro.paginate(DbPro.java:585)
	at com.jfinal.plugin.activerecord.Db.paginate(Db.java:450)
	at com.xlerp.api.Contract.Service.BasContractService.getContractList(BasContractService.java:86)
	at com.xlerp.api.Contract.Controller.BasContractController.getContractList(BasContractController.java:43)
	at java.base/jdk.internal.reflect.NativeMethodAccessorImpl.invoke0(Native Method)
	at java.base/jdk.internal.reflect.NativeMethodAccessorImpl.invoke(NativeMethodAccessorImpl.java:77)
	at java.base/jdk.internal.reflect.DelegatingMethodAccessorImpl.invoke(DelegatingMethodAccessorImpl.java:43)
	at java.base/java.lang.reflect.Method.invoke(Method.java:568)
	at com.jfinal.aop.Invocation.invoke(Invocation.java:97)
	at com.xlerp.api.Common.HttpMethodInterceptor.intercept(HttpMethodInterceptor.java:36)
	at com.jfinal.aop.Invocation.invoke(Invocation.java:91)
	at com.xlerp.common.DemoConfig$CorsInterceptor.intercept(DemoConfig.java:147)
	at com.jfinal.aop.Invocation.invoke(Invocation.java:91)
	at com.jfinal.core.ActionHandler.handle(ActionHandler.java:88)
	at com.jfinal.core.JFinalFilter.doFilter(JFinalFilter.java:90)
	at io.undertow.servlet.core.ManagedFilter.doFilter(ManagedFilter.java:61)
	at io.undertow.servlet.handlers.FilterHandler$FilterChainImpl.doFilter(FilterHandler.java:131)
	at io.undertow.servlet.handlers.FilterHandler.handleRequest(FilterHandler.java:84)
	at io.undertow.servlet.handlers.security.ServletSecurityRoleHandler.handleRequest(ServletSecurityRoleHandler.java:62)
	at io.undertow.servlet.handlers.ServletChain$1.handleRequest(ServletChain.java:68)
	at io.undertow.servlet.handlers.ServletDispatchingHandler.handleRequest(ServletDispatchingHandler.java:36)
	at io.undertow.servlet.handlers.RedirectDirHandler.handleRequest(RedirectDirHandler.java:68)
	at io.undertow.servlet.handlers.security.SSLInformationAssociationHandler.handleRequest(SSLInformationAssociationHandler.java:117)
	at io.undertow.servlet.handlers.security.ServletAuthenticationCallHandler.handleRequest(ServletAuthenticationCallHandler.java:57)
	at io.undertow.server.handlers.PredicateHandler.handleRequest(PredicateHandler.java:43)
	at io.undertow.security.handlers.AbstractConfidentialityHandler.handleRequest(AbstractConfidentialityHandler.java:46)
	at io.undertow.servlet.handlers.security.ServletConfidentialityConstraintHandler.handleRequest(ServletConfidentialityConstraintHandler.java:64)
	at io.undertow.security.handlers.AuthenticationMechanismsHandler.handleRequest(AuthenticationMechanismsHandler.java:60)
	at io.undertow.servlet.handlers.security.CachedAuthenticatedSessionHandler.handleRequest(CachedAuthenticatedSessionHandler.java:77)
	at io.undertow.security.handlers.AbstractSecurityContextAssociationHandler.handleRequest(AbstractSecurityContextAssociationHandler.java:43)
	at io.undertow.server.handlers.PredicateHandler.handleRequest(PredicateHandler.java:43)
	at io.undertow.servlet.handlers.SendErrorPageHandler.handleRequest(SendErrorPageHandler.java:52)
	at io.undertow.server.handlers.PredicateHandler.handleRequest(PredicateHandler.java:43)
	at io.undertow.servlet.handlers.SessionRestoringHandler.handleRequest(SessionRestoringHandler.java:119)
	at io.undertow.servlet.handlers.ServletInitialHandler.handleFirstRequest(ServletInitialHandler.java:275)
	at io.undertow.servlet.handlers.ServletInitialHandler.access$100(ServletInitialHandler.java:79)
	at io.undertow.servlet.handlers.ServletInitialHandler$2.call(ServletInitialHandler.java:134)
	at io.undertow.servlet.handlers.ServletInitialHandler$2.call(ServletInitialHandler.java:131)
	at io.undertow.servlet.core.ServletRequestContextThreadSetupAction$1.call(ServletRequestContextThreadSetupAction.java:48)
	at io.undertow.servlet.core.ContextClassLoaderSetupAction$1.call(ContextClassLoaderSetupAction.java:43)
	at io.undertow.servlet.handlers.ServletInitialHandler.dispatchRequest(ServletInitialHandler.java:255)
	at io.undertow.servlet.handlers.ServletInitialHandler.access$000(ServletInitialHandler.java:79)
	at io.undertow.servlet.handlers.ServletInitialHandler$1.handleRequest(ServletInitialHandler.java:100)
	at io.undertow.server.Connectors.executeRootHandler(Connectors.java:387)
	at io.undertow.server.HttpServerExchange$1.run(HttpServerExchange.java:852)
	at org.jboss.threads.ContextClassLoaderSavingRunnable.run(ContextClassLoaderSavingRunnable.java:35)
	at org.jboss.threads.EnhancedQueueExecutor.safeRun(EnhancedQueueExecutor.java:2019)
	at org.jboss.threads.EnhancedQueueExecutor$ThreadBody.doRunTask(EnhancedQueueExecutor.java:1558)
	at org.jboss.threads.EnhancedQueueExecutor$ThreadBody.run(EnhancedQueueExecutor.java:1423)
	at org.xnio.XnioWorker$WorkerThreadFactory$1$1.run(XnioWorker.java:1280)
	at java.base/java.lang.Thread.run(Thread.java:833)
Caused by: com.mysql.jdbc.exceptions.jdbc4.MySQLSyntaxErrorException: You have an error in your SQL syntax; check the manual that corresponds to your MySQL server version for the right syntax to use near '.name, o.descr AS customerName, u.name AS salesmanName, bci.contractSum, DATE_FO' at line 1
	at java.base/jdk.internal.reflect.NativeConstructorAccessorImpl.newInstance0(Native Method)
	at java.base/jdk.internal.reflect.NativeConstructorAccessorImpl.newInstance(NativeConstructorAccessorImpl.java:77)
	at java.base/jdk.internal.reflect.DelegatingConstructorAccessorImpl.newInstance(DelegatingConstructorAccessorImpl.java:45)
	at java.base/java.lang.reflect.Constructor.newInstanceWithCaller(Constructor.java:499)
	at java.base/java.lang.reflect.Constructor.newInstance(Constructor.java:480)
	at com.mysql.jdbc.Util.handleNewInstance(Util.java:403)
	at com.mysql.jdbc.Util.getInstance(Util.java:386)
	at com.mysql.jdbc.SQLError.createSQLException(SQLError.java:944)
	at com.mysql.jdbc.MysqlIO.checkErrorPacket(MysqlIO.java:3933)
	at com.mysql.jdbc.MysqlIO.checkErrorPacket(MysqlIO.java:3869)
	at com.mysql.jdbc.MysqlIO.sendCommand(MysqlIO.java:2524)
	at com.mysql.jdbc.MysqlIO.sqlQueryDirect(MysqlIO.java:2675)
	at com.mysql.jdbc.ConnectionImpl.execSQL(ConnectionImpl.java:2465)
	at com.mysql.jdbc.PreparedStatement.executeInternal(PreparedStatement.java:1915)
	at com.mysql.jdbc.PreparedStatement.executeQuery(PreparedStatement.java:2023)
	at com.alibaba.druid.filter.FilterChainImpl.preparedStatement_executeQuery(FilterChainImpl.java:2714)
	at com.alibaba.druid.filter.FilterAdapter.preparedStatement_executeQuery(FilterAdapter.java:1064)
	at com.alibaba.druid.filter.FilterChainImpl.preparedStatement_executeQuery(FilterChainImpl.java:2711)
	at com.alibaba.druid.proxy.jdbc.PreparedStatementProxyImpl.executeQuery(PreparedStatementProxyImpl.java:145)
	at com.alibaba.druid.pool.DruidPooledPreparedStatement.executeQuery(DruidPooledPreparedStatement.java:227)
	at com.jfinal.plugin.activerecord.DbPro.find(DbPro.java:384)
	at com.jfinal.plugin.activerecord.DbPro.doPaginateByFullSql(DbPro.java:649)
	at com.jfinal.plugin.activerecord.DbPro.doPaginate(DbPro.java:606)
	... 51 more
